<?xml version="1.0" encoding="utf-8"?>
<CoverageSession>
  <Summary numSequencePoints="828" visitedSequencePoints="258" numBranchPoints="828" visitedBranchPoints="258" sequenceCoverage="0.312" branchCoverage="0.312" maxCyclomaticComplexity="0" minCyclomaticComplexity="0" visitedClasses="23" numClasses="49" visitedMethods="63" numMethods="174" />
  <Modules>
    <Module hash="5CFCA5A3-3C9A-47A4-BC75-FD52BA235B41">
      <ModulePath>/Users/christopher/AppDev/Envoice/Envoice.MongoRepository/test/Envoice.MongoRepository.IntegrationTests/bin/debug/netcoreapp2.1/Envoice.MongoRepository.dll</ModulePath>
      <ModuleTime>2018-10-16T08:47:01</ModuleTime>
      <ModuleName>Envoice.MongoRepository</ModuleName>
      <Files>
        <File uid="1" fullPath="/Users/christopher/AppDev/Envoice/Envoice.MongoRepository/src/Envoice.MongoRepository/Configuration.cs" />
        <File uid="2" fullPath="/Users/christopher/AppDev/Envoice/Envoice.MongoRepository/src/Envoice.MongoRepository/Impl/CollectionName.cs" />
        <File uid="3" fullPath="/Users/christopher/AppDev/Envoice/Envoice.MongoRepository/src/Envoice.MongoRepository/Impl/CollectionStatsResult.cs" />
        <File uid="4" fullPath="/Users/christopher/AppDev/Envoice/Envoice.MongoRepository/src/Envoice.MongoRepository/Impl/Entity.cs" />
        <File uid="5" fullPath="/Users/christopher/AppDev/Envoice/Envoice.MongoRepository/src/Envoice.MongoRepository/Impl/MongoConfig.cs" />
        <File uid="6" fullPath="/Users/christopher/AppDev/Envoice/Envoice.MongoRepository/src/Envoice.MongoRepository/Impl/MongoRepository.cs" />
        <File uid="7" fullPath="/Users/christopher/AppDev/Envoice/Envoice.MongoRepository/src/Envoice.MongoRepository/Impl/MongoRepositoryConfig.cs" />
        <File uid="8" fullPath="/Users/christopher/AppDev/Envoice/Envoice.MongoRepository/src/Envoice.MongoRepository/Impl/MongoRepositoryManager.cs" />
        <File uid="9" fullPath="/Users/christopher/AppDev/Envoice/Envoice.MongoRepository/src/Envoice.MongoRepository/Impl/ValidateCollectionResult.cs" />
        <File uid="10" fullPath="/Users/christopher/AppDev/Envoice/Envoice.MongoRepository/src/Envoice.MongoRepository/Helpers/ConversionUtil.cs" />
      </Files>
      <Classes>
        <Class>
          <Summary numSequencePoints="7" visitedSequencePoints="7" numBranchPoints="0" visitedBranchPoints="0" sequenceCoverage="1" branchCoverage="0" maxCyclomaticComplexity="0" minCyclomaticComplexity="0" visitedClasses="1" numClasses="1" visitedMethods="1" numMethods="1" />
          <FullName>Envoice.MongoRepository.Configuration</FullName>
          <Methods>
            <Method cyclomaticComplexity="0" nPathComplexity="0" sequenceCoverage="1" branchCoverage="0" isConstructor="True" isGetter="False" isSetter="False" isStatic="True">
              <Summary numSequencePoints="7" visitedSequencePoints="7" numBranchPoints="0" visitedBranchPoints="0" sequenceCoverage="1" branchCoverage="0" maxCyclomaticComplexity="0" minCyclomaticComplexity="0" visitedClasses="0" numClasses="0" visitedMethods="1" numMethods="1" />
              <MetadataToken />
              <Name>System.Void Envoice.MongoRepository.Configuration::.cctor()</Name>
              <FileRef uid="1" />
              <SequencePoints>
                <SequencePoint vc="1" upsid="14" ordinal="0" sl="14" sc="1" el="14" ec="2" bec="0" bev="0" fileid="1" />
                <SequencePoint vc="1" upsid="15" ordinal="1" sl="15" sc="1" el="15" ec="2" bec="0" bev="0" fileid="1" />
                <SequencePoint vc="1" upsid="16" ordinal="2" sl="16" sc="1" el="16" ec="2" bec="0" bev="0" fileid="1" />
                <SequencePoint vc="1" upsid="17" ordinal="3" sl="17" sc="1" el="17" ec="2" bec="0" bev="0" fileid="1" />
                <SequencePoint vc="1" upsid="18" ordinal="4" sl="18" sc="1" el="18" ec="2" bec="0" bev="0" fileid="1" />
                <SequencePoint vc="1" upsid="19" ordinal="5" sl="19" sc="1" el="19" ec="2" bec="0" bev="0" fileid="1" />
                <SequencePoint vc="1" upsid="20" ordinal="6" sl="20" sc="1" el="20" ec="2" bec="0" bev="0" fileid="1" />
              </SequencePoints>
              <BranchPoints />
              <MethodPoint vc="7" upsid="0" p8:type="SequencePoint" ordinal="0" offset="0" sc="0" sl="14" ec="1" el="20" bec="0" bev="0" fileid="1" xmlns:p8="xsi" />
            </Method>
          </Methods>
        </Class>
        <Class>
          <Summary numSequencePoints="1" visitedSequencePoints="1" numBranchPoints="0" visitedBranchPoints="0" sequenceCoverage="1" branchCoverage="0" maxCyclomaticComplexity="0" minCyclomaticComplexity="0" visitedClasses="1" numClasses="1" visitedMethods="1" numMethods="1" />
          <FullName>Envoice.MongoRepository.Configuration/Database</FullName>
          <Methods>
            <Method cyclomaticComplexity="0" nPathComplexity="0" sequenceCoverage="1" branchCoverage="0" isConstructor="False" isGetter="True" isSetter="False" isStatic="True">
              <Summary numSequencePoints="1" visitedSequencePoints="1" numBranchPoints="0" visitedBranchPoints="0" sequenceCoverage="1" branchCoverage="0" maxCyclomaticComplexity="0" minCyclomaticComplexity="0" visitedClasses="0" numClasses="0" visitedMethods="1" numMethods="1" />
              <MetadataToken />
              <Name>System.String Envoice.MongoRepository.Configuration/Database::get_ConnectionString()</Name>
              <FileRef uid="1" />
              <SequencePoints>
                <SequencePoint vc="246" upsid="32" ordinal="0" sl="32" sc="1" el="32" ec="2" bec="0" bev="0" fileid="1" />
              </SequencePoints>
              <BranchPoints />
              <MethodPoint vc="1" upsid="0" p8:type="SequencePoint" ordinal="0" offset="0" sc="0" sl="32" ec="1" el="32" bec="0" bev="0" fileid="1" xmlns:p8="xsi" />
            </Method>
          </Methods>
        </Class>
        <Class>
          <Summary numSequencePoints="7" visitedSequencePoints="6" numBranchPoints="2" visitedBranchPoints="1" sequenceCoverage="0.857" branchCoverage="0.5" maxCyclomaticComplexity="0" minCyclomaticComplexity="0" visitedClasses="1" numClasses="1" visitedMethods="2" numMethods="2" />
          <FullName>Envoice.MongoRepository.CollectionName</FullName>
          <Methods>
            <Method cyclomaticComplexity="0" nPathComplexity="0" sequenceCoverage="1" branchCoverage="0" isConstructor="False" isGetter="True" isSetter="False" isStatic="True">
              <Summary numSequencePoints="1" visitedSequencePoints="1" numBranchPoints="0" visitedBranchPoints="0" sequenceCoverage="1" branchCoverage="0" maxCyclomaticComplexity="0" minCyclomaticComplexity="0" visitedClasses="0" numClasses="0" visitedMethods="1" numMethods="1" />
              <MetadataToken />
              <Name>System.String Envoice.MongoRepository.CollectionName::get_Name()</Name>
              <FileRef uid="2" />
              <SequencePoints>
                <SequencePoint vc="158" upsid="28" ordinal="0" sl="28" sc="1" el="28" ec="2" bec="0" bev="0" fileid="2" />
              </SequencePoints>
              <BranchPoints />
              <MethodPoint vc="1" upsid="0" p8:type="SequencePoint" ordinal="0" offset="0" sc="0" sl="28" ec="1" el="28" bec="0" bev="0" fileid="2" xmlns:p8="xsi" />
            </Method>
            <Method cyclomaticComplexity="0" nPathComplexity="0" sequenceCoverage="0.833" branchCoverage="0.5" isConstructor="True" isGetter="False" isSetter="False" isStatic="True">
              <Summary numSequencePoints="6" visitedSequencePoints="5" numBranchPoints="2" visitedBranchPoints="1" sequenceCoverage="0.833" branchCoverage="0.5" maxCyclomaticComplexity="0" minCyclomaticComplexity="0" visitedClasses="0" numClasses="0" visitedMethods="1" numMethods="1" />
              <MetadataToken />
              <Name>System.Void Envoice.MongoRepository.CollectionName::.ctor(System.String)</Name>
              <FileRef uid="2" />
              <SequencePoints>
                <SequencePoint vc="84" upsid="16" ordinal="0" sl="16" sc="1" el="16" ec="2" bec="0" bev="0" fileid="2" />
                <SequencePoint vc="84" upsid="17" ordinal="1" sl="17" sc="1" el="17" ec="2" bec="0" bev="0" fileid="2" />
                <SequencePoint vc="84" upsid="18" ordinal="2" sl="18" sc="1" el="18" ec="2" bec="0" bev="0" fileid="2" />
                <SequencePoint vc="0" upsid="19" ordinal="3" sl="19" sc="1" el="19" ec="2" bec="0" bev="0" fileid="2" />
                <SequencePoint vc="84" upsid="21" ordinal="4" sl="21" sc="1" el="21" ec="2" bec="0" bev="0" fileid="2" />
                <SequencePoint vc="84" upsid="22" ordinal="5" sl="22" sc="1" el="22" ec="2" bec="0" bev="0" fileid="2" />
              </SequencePoints>
              <BranchPoints>
                <BranchPoint vc="0" upsid="18" ordinal="0" path="0" offset="16" offsetend="18" sl="18" fileid="2" />
                <BranchPoint vc="84" upsid="18" ordinal="1" path="1" offset="16" offsetend="34" sl="18" fileid="2" />
              </BranchPoints>
              <MethodPoint vc="5" upsid="0" p8:type="SequencePoint" ordinal="1" offset="1" sc="0" sl="16" ec="1" el="22" bec="0" bev="0" fileid="2" xmlns:p8="xsi" />
            </Method>
          </Methods>
        </Class>
        <Class>
          <Summary numSequencePoints="37" visitedSequencePoints="0" numBranchPoints="8" visitedBranchPoints="0" sequenceCoverage="0" branchCoverage="0" maxCyclomaticComplexity="0" minCyclomaticComplexity="0" visitedClasses="0" numClasses="1" visitedMethods="0" numMethods="16" />
          <FullName>Envoice.MongoRepository.CollectionStatsResult</FullName>
          <Methods>
            <Method cyclomaticComplexity="0" nPathComplexity="0" sequenceCoverage="0" branchCoverage="0" isConstructor="False" isGetter="True" isSetter="False" isStatic="True">
              <Summary numSequencePoints="1" visitedSequencePoints="0" numBranchPoints="0" visitedBranchPoints="0" sequenceCoverage="0" branchCoverage="0" maxCyclomaticComplexity="0" minCyclomaticComplexity="0" visitedClasses="0" numClasses="0" visitedMethods="0" numMethods="1" />
              <MetadataToken />
              <Name>System.Double Envoice.MongoRepository.CollectionStatsResult::get_AverageObjectSize()</Name>
              <FileRef uid="3" />
              <SequencePoints>
                <SequencePoint vc="0" upsid="66" ordinal="0" sl="66" sc="1" el="66" ec="2" bec="0" bev="0" fileid="3" />
              </SequencePoints>
              <BranchPoints />
              <MethodPoint vc="0" upsid="0" p8:type="SequencePoint" ordinal="0" offset="0" sc="0" sl="66" ec="1" el="66" bec="0" bev="0" fileid="3" xmlns:p8="xsi" />
            </Method>
            <Method cyclomaticComplexity="0" nPathComplexity="0" sequenceCoverage="0" branchCoverage="0" isConstructor="False" isGetter="True" isSetter="False" isStatic="True">
              <Summary numSequencePoints="1" visitedSequencePoints="0" numBranchPoints="0" visitedBranchPoints="0" sequenceCoverage="0" branchCoverage="0" maxCyclomaticComplexity="0" minCyclomaticComplexity="0" visitedClasses="0" numClasses="0" visitedMethods="0" numMethods="1" />
              <MetadataToken />
              <Name>System.Int64 Envoice.MongoRepository.CollectionStatsResult::get_DataSize()</Name>
              <FileRef uid="3" />
              <SequencePoints>
                <SequencePoint vc="0" upsid="74" ordinal="0" sl="74" sc="1" el="74" ec="2" bec="0" bev="0" fileid="3" />
              </SequencePoints>
              <BranchPoints />
              <MethodPoint vc="0" upsid="0" p8:type="SequencePoint" ordinal="1" offset="1" sc="0" sl="74" ec="1" el="74" bec="0" bev="0" fileid="3" xmlns:p8="xsi" />
            </Method>
            <Method cyclomaticComplexity="0" nPathComplexity="0" sequenceCoverage="0" branchCoverage="0" isConstructor="False" isGetter="True" isSetter="False" isStatic="True">
              <Summary numSequencePoints="1" visitedSequencePoints="0" numBranchPoints="0" visitedBranchPoints="0" sequenceCoverage="0" branchCoverage="0" maxCyclomaticComplexity="0" minCyclomaticComplexity="0" visitedClasses="0" numClasses="0" visitedMethods="0" numMethods="1" />
              <MetadataToken />
              <Name>System.Int32 Envoice.MongoRepository.CollectionStatsResult::get_ExtentCount()</Name>
              <FileRef uid="3" />
              <SequencePoints>
                <SequencePoint vc="0" upsid="82" ordinal="0" sl="82" sc="1" el="82" ec="2" bec="0" bev="0" fileid="3" />
              </SequencePoints>
              <BranchPoints />
              <MethodPoint vc="0" upsid="0" p8:type="SequencePoint" ordinal="2" offset="2" sc="0" sl="82" ec="1" el="82" bec="0" bev="0" fileid="3" xmlns:p8="xsi" />
            </Method>
            <Method cyclomaticComplexity="0" nPathComplexity="0" sequenceCoverage="0" branchCoverage="0" isConstructor="False" isGetter="True" isSetter="False" isStatic="True">
              <Summary numSequencePoints="1" visitedSequencePoints="0" numBranchPoints="0" visitedBranchPoints="0" sequenceCoverage="0" branchCoverage="0" maxCyclomaticComplexity="0" minCyclomaticComplexity="0" visitedClasses="0" numClasses="0" visitedMethods="0" numMethods="1" />
              <MetadataToken />
              <Name>System.Int32 Envoice.MongoRepository.CollectionStatsResult::get_IndexCount()</Name>
              <FileRef uid="3" />
              <SequencePoints>
                <SequencePoint vc="0" upsid="90" ordinal="0" sl="90" sc="1" el="90" ec="2" bec="0" bev="0" fileid="3" />
              </SequencePoints>
              <BranchPoints />
              <MethodPoint vc="0" upsid="0" p8:type="SequencePoint" ordinal="3" offset="3" sc="0" sl="90" ec="1" el="90" bec="0" bev="0" fileid="3" xmlns:p8="xsi" />
            </Method>
            <Method cyclomaticComplexity="0" nPathComplexity="0" sequenceCoverage="0" branchCoverage="0" isConstructor="False" isGetter="True" isSetter="False" isStatic="True">
              <Summary numSequencePoints="7" visitedSequencePoints="0" numBranchPoints="2" visitedBranchPoints="0" sequenceCoverage="0" branchCoverage="0" maxCyclomaticComplexity="0" minCyclomaticComplexity="0" visitedClasses="0" numClasses="0" visitedMethods="0" numMethods="1" />
              <MetadataToken />
              <Name>Envoice.MongoRepository.CollectionStatsResult/IndexSizesResult Envoice.MongoRepository.CollectionStatsResult::get_IndexSizes()</Name>
              <FileRef uid="3" />
              <SequencePoints>
                <SequencePoint vc="0" upsid="99" ordinal="0" sl="99" sc="1" el="99" ec="2" bec="0" bev="0" fileid="3" />
                <SequencePoint vc="0" upsid="100" ordinal="1" sl="100" sc="1" el="100" ec="2" bec="0" bev="0" fileid="3" />
                <SequencePoint vc="0" upsid="101" ordinal="2" sl="101" sc="1" el="101" ec="2" bec="0" bev="0" fileid="3" />
                <SequencePoint vc="0" upsid="103" ordinal="3" sl="103" sc="1" el="103" ec="2" bec="0" bev="0" fileid="3" />
                <SequencePoint vc="0" upsid="104" ordinal="4" sl="104" sc="1" el="104" ec="2" bec="0" bev="0" fileid="3" />
                <SequencePoint vc="0" upsid="105" ordinal="5" sl="105" sc="1" el="105" ec="2" bec="0" bev="0" fileid="3" />
                <SequencePoint vc="0" upsid="106" ordinal="6" sl="106" sc="1" el="106" ec="2" bec="0" bev="0" fileid="3" />
              </SequencePoints>
              <BranchPoints>
                <BranchPoint vc="0" upsid="100" ordinal="0" path="0" offset="12" offsetend="14" sl="100" fileid="3" />
                <BranchPoint vc="0" upsid="100" ordinal="1" path="1" offset="12" offsetend="48" sl="100" fileid="3" />
              </BranchPoints>
              <MethodPoint vc="0" upsid="0" p8:type="SequencePoint" ordinal="4" offset="4" sc="0" sl="99" ec="1" el="106" bec="0" bev="0" fileid="3" xmlns:p8="xsi" />
            </Method>
            <Method cyclomaticComplexity="0" nPathComplexity="0" sequenceCoverage="0" branchCoverage="0" isConstructor="False" isGetter="True" isSetter="False" isStatic="True">
              <Summary numSequencePoints="1" visitedSequencePoints="0" numBranchPoints="0" visitedBranchPoints="0" sequenceCoverage="0" branchCoverage="0" maxCyclomaticComplexity="0" minCyclomaticComplexity="0" visitedClasses="0" numClasses="0" visitedMethods="0" numMethods="1" />
              <MetadataToken />
              <Name>System.Boolean Envoice.MongoRepository.CollectionStatsResult::get_IsCapped()</Name>
              <FileRef uid="3" />
              <SequencePoints>
                <SequencePoint vc="0" upsid="114" ordinal="0" sl="114" sc="1" el="114" ec="2" bec="0" bev="0" fileid="3" />
              </SequencePoints>
              <BranchPoints />
              <MethodPoint vc="0" upsid="0" p8:type="SequencePoint" ordinal="5" offset="5" sc="0" sl="114" ec="1" el="114" bec="0" bev="0" fileid="3" xmlns:p8="xsi" />
            </Method>
            <Method cyclomaticComplexity="0" nPathComplexity="0" sequenceCoverage="0" branchCoverage="0" isConstructor="False" isGetter="True" isSetter="False" isStatic="True">
              <Summary numSequencePoints="1" visitedSequencePoints="0" numBranchPoints="0" visitedBranchPoints="0" sequenceCoverage="0" branchCoverage="0" maxCyclomaticComplexity="0" minCyclomaticComplexity="0" visitedClasses="0" numClasses="0" visitedMethods="0" numMethods="1" />
              <MetadataToken />
              <Name>System.Int64 Envoice.MongoRepository.CollectionStatsResult::get_LastExtentSize()</Name>
              <FileRef uid="3" />
              <SequencePoints>
                <SequencePoint vc="0" upsid="122" ordinal="0" sl="122" sc="1" el="122" ec="2" bec="0" bev="0" fileid="3" />
              </SequencePoints>
              <BranchPoints />
              <MethodPoint vc="0" upsid="0" p8:type="SequencePoint" ordinal="6" offset="6" sc="0" sl="122" ec="1" el="122" bec="0" bev="0" fileid="3" xmlns:p8="xsi" />
            </Method>
            <Method cyclomaticComplexity="0" nPathComplexity="0" sequenceCoverage="0" branchCoverage="0" isConstructor="False" isGetter="True" isSetter="False" isStatic="True">
              <Summary numSequencePoints="1" visitedSequencePoints="0" numBranchPoints="0" visitedBranchPoints="0" sequenceCoverage="0" branchCoverage="0" maxCyclomaticComplexity="0" minCyclomaticComplexity="0" visitedClasses="0" numClasses="0" visitedMethods="0" numMethods="1" />
              <MetadataToken />
              <Name>System.Int64 Envoice.MongoRepository.CollectionStatsResult::get_MaxDocuments()</Name>
              <FileRef uid="3" />
              <SequencePoints>
                <SequencePoint vc="0" upsid="130" ordinal="0" sl="130" sc="1" el="130" ec="2" bec="0" bev="0" fileid="3" />
              </SequencePoints>
              <BranchPoints />
              <MethodPoint vc="0" upsid="0" p8:type="SequencePoint" ordinal="7" offset="7" sc="0" sl="130" ec="1" el="130" bec="0" bev="0" fileid="3" xmlns:p8="xsi" />
            </Method>
            <Method cyclomaticComplexity="0" nPathComplexity="0" sequenceCoverage="0" branchCoverage="0" isConstructor="False" isGetter="True" isSetter="False" isStatic="True">
              <Summary numSequencePoints="1" visitedSequencePoints="0" numBranchPoints="0" visitedBranchPoints="0" sequenceCoverage="0" branchCoverage="0" maxCyclomaticComplexity="0" minCyclomaticComplexity="0" visitedClasses="0" numClasses="0" visitedMethods="0" numMethods="1" />
              <MetadataToken />
              <Name>System.String Envoice.MongoRepository.CollectionStatsResult::get_Namespace()</Name>
              <FileRef uid="3" />
              <SequencePoints>
                <SequencePoint vc="0" upsid="138" ordinal="0" sl="138" sc="1" el="138" ec="2" bec="0" bev="0" fileid="3" />
              </SequencePoints>
              <BranchPoints />
              <MethodPoint vc="0" upsid="0" p8:type="SequencePoint" ordinal="8" offset="8" sc="0" sl="138" ec="1" el="138" bec="0" bev="0" fileid="3" xmlns:p8="xsi" />
            </Method>
            <Method cyclomaticComplexity="0" nPathComplexity="0" sequenceCoverage="0" branchCoverage="0" isConstructor="False" isGetter="True" isSetter="False" isStatic="True">
              <Summary numSequencePoints="1" visitedSequencePoints="0" numBranchPoints="0" visitedBranchPoints="0" sequenceCoverage="0" branchCoverage="0" maxCyclomaticComplexity="0" minCyclomaticComplexity="0" visitedClasses="0" numClasses="0" visitedMethods="0" numMethods="1" />
              <MetadataToken />
              <Name>System.Int64 Envoice.MongoRepository.CollectionStatsResult::get_ObjectCount()</Name>
              <FileRef uid="3" />
              <SequencePoints>
                <SequencePoint vc="0" upsid="146" ordinal="0" sl="146" sc="1" el="146" ec="2" bec="0" bev="0" fileid="3" />
              </SequencePoints>
              <BranchPoints />
              <MethodPoint vc="0" upsid="0" p8:type="SequencePoint" ordinal="9" offset="9" sc="0" sl="146" ec="1" el="146" bec="0" bev="0" fileid="3" xmlns:p8="xsi" />
            </Method>
            <Method cyclomaticComplexity="0" nPathComplexity="0" sequenceCoverage="0" branchCoverage="0" isConstructor="True" isGetter="True" isSetter="False" isStatic="True">
              <Summary numSequencePoints="1" visitedSequencePoints="0" numBranchPoints="0" visitedBranchPoints="0" sequenceCoverage="0" branchCoverage="0" maxCyclomaticComplexity="0" minCyclomaticComplexity="0" visitedClasses="0" numClasses="0" visitedMethods="0" numMethods="1" />
              <MetadataToken />
              <Name>System.Double Envoice.MongoRepository.CollectionStatsResult::get_PaddingFactor()</Name>
              <FileRef uid="3" />
              <SequencePoints>
                <SequencePoint vc="0" upsid="154" ordinal="0" sl="154" sc="1" el="154" ec="2" bec="0" bev="0" fileid="3" />
              </SequencePoints>
              <BranchPoints />
              <MethodPoint vc="0" upsid="0" p8:type="SequencePoint" ordinal="10" offset="10" sc="0" sl="154" ec="1" el="154" bec="0" bev="0" fileid="3" xmlns:p8="xsi" />
            </Method>
            <Method cyclomaticComplexity="0" nPathComplexity="0" sequenceCoverage="0" branchCoverage="0" isConstructor="False" isGetter="True" isSetter="False" isStatic="True">
              <Summary numSequencePoints="1" visitedSequencePoints="0" numBranchPoints="0" visitedBranchPoints="0" sequenceCoverage="0" branchCoverage="0" maxCyclomaticComplexity="0" minCyclomaticComplexity="0" visitedClasses="0" numClasses="0" visitedMethods="0" numMethods="1" />
              <MetadataToken />
              <Name>System.Int64 Envoice.MongoRepository.CollectionStatsResult::get_StorageSize()</Name>
              <FileRef uid="3" />
              <SequencePoints>
                <SequencePoint vc="0" upsid="162" ordinal="0" sl="162" sc="1" el="162" ec="2" bec="0" bev="0" fileid="3" />
              </SequencePoints>
              <BranchPoints />
              <MethodPoint vc="0" upsid="0" p8:type="SequencePoint" ordinal="11" offset="11" sc="0" sl="162" ec="1" el="162" bec="0" bev="0" fileid="3" xmlns:p8="xsi" />
            </Method>
            <Method cyclomaticComplexity="0" nPathComplexity="0" sequenceCoverage="0" branchCoverage="0" isConstructor="False" isGetter="True" isSetter="False" isStatic="True">
              <Summary numSequencePoints="7" visitedSequencePoints="0" numBranchPoints="4" visitedBranchPoints="0" sequenceCoverage="0" branchCoverage="0" maxCyclomaticComplexity="0" minCyclomaticComplexity="0" visitedClasses="0" numClasses="0" visitedMethods="0" numMethods="1" />
              <MetadataToken />
              <Name>Envoice.MongoRepository.CollectionSystemFlags Envoice.MongoRepository.CollectionStatsResult::get_SystemFlags()</Name>
              <FileRef uid="3" />
              <SequencePoints>
                <SequencePoint vc="0" upsid="171" ordinal="0" sl="171" sc="1" el="171" ec="2" bec="0" bev="0" fileid="3" />
                <SequencePoint vc="0" upsid="174" ordinal="1" sl="174" sc="1" el="174" ec="2" bec="0" bev="0" fileid="3" />
                <SequencePoint vc="0" upsid="175" ordinal="2" sl="175" sc="1" el="175" ec="2" bec="0" bev="0" fileid="3" />
                <SequencePoint vc="0" upsid="176" ordinal="3" sl="176" sc="1" el="176" ec="2" bec="0" bev="0" fileid="3" />
                <SequencePoint vc="0" upsid="179" ordinal="4" sl="179" sc="1" el="179" ec="2" bec="0" bev="0" fileid="3" />
                <SequencePoint vc="0" upsid="180" ordinal="5" sl="180" sc="1" el="180" ec="2" bec="0" bev="0" fileid="3" />
                <SequencePoint vc="0" upsid="182" ordinal="6" sl="182" sc="1" el="182" ec="2" bec="0" bev="0" fileid="3" />
              </SequencePoints>
              <BranchPoints>
                <BranchPoint vc="0" upsid="174" ordinal="0" path="0" offset="19" offsetend="21" sl="174" fileid="3" />
                <BranchPoint vc="0" upsid="174" ordinal="1" path="1" offset="19" offsetend="41" sl="174" fileid="3" />
                <BranchPoint vc="0" upsid="174" ordinal="2" path="0" offset="44" offsetend="46" sl="174" fileid="3" />
                <BranchPoint vc="0" upsid="174" ordinal="3" path="1" offset="44" offsetend="56" sl="174" fileid="3" />
              </BranchPoints>
              <MethodPoint vc="0" upsid="0" p8:type="SequencePoint" ordinal="12" offset="12" sc="0" sl="171" ec="1" el="182" bec="0" bev="0" fileid="3" xmlns:p8="xsi" />
            </Method>
            <Method cyclomaticComplexity="0" nPathComplexity="0" sequenceCoverage="0" branchCoverage="0" isConstructor="False" isGetter="True" isSetter="False" isStatic="True">
              <Summary numSequencePoints="1" visitedSequencePoints="0" numBranchPoints="0" visitedBranchPoints="0" sequenceCoverage="0" branchCoverage="0" maxCyclomaticComplexity="0" minCyclomaticComplexity="0" visitedClasses="0" numClasses="0" visitedMethods="0" numMethods="1" />
              <MetadataToken />
              <Name>System.Int64 Envoice.MongoRepository.CollectionStatsResult::get_TotalIndexSize()</Name>
              <FileRef uid="3" />
              <SequencePoints>
                <SequencePoint vc="0" upsid="190" ordinal="0" sl="190" sc="1" el="190" ec="2" bec="0" bev="0" fileid="3" />
              </SequencePoints>
              <BranchPoints />
              <MethodPoint vc="0" upsid="0" p8:type="SequencePoint" ordinal="13" offset="13" sc="0" sl="190" ec="1" el="190" bec="0" bev="0" fileid="3" xmlns:p8="xsi" />
            </Method>
            <Method cyclomaticComplexity="0" nPathComplexity="0" sequenceCoverage="0" branchCoverage="0" isConstructor="False" isGetter="True" isSetter="False" isStatic="True">
              <Summary numSequencePoints="7" visitedSequencePoints="0" numBranchPoints="2" visitedBranchPoints="0" sequenceCoverage="0" branchCoverage="0" maxCyclomaticComplexity="0" minCyclomaticComplexity="0" visitedClasses="0" numClasses="0" visitedMethods="0" numMethods="1" />
              <MetadataToken />
              <Name>Envoice.MongoRepository.CollectionUserFlags Envoice.MongoRepository.CollectionStatsResult::get_UserFlags()</Name>
              <FileRef uid="3" />
              <SequencePoints>
                <SequencePoint vc="0" upsid="199" ordinal="0" sl="199" sc="1" el="199" ec="2" bec="0" bev="0" fileid="3" />
                <SequencePoint vc="0" upsid="202" ordinal="1" sl="202" sc="1" el="202" ec="2" bec="0" bev="0" fileid="3" />
                <SequencePoint vc="0" upsid="203" ordinal="2" sl="203" sc="1" el="203" ec="2" bec="0" bev="0" fileid="3" />
                <SequencePoint vc="0" upsid="204" ordinal="3" sl="204" sc="1" el="204" ec="2" bec="0" bev="0" fileid="3" />
                <SequencePoint vc="0" upsid="207" ordinal="4" sl="207" sc="1" el="207" ec="2" bec="0" bev="0" fileid="3" />
                <SequencePoint vc="0" upsid="208" ordinal="5" sl="208" sc="1" el="208" ec="2" bec="0" bev="0" fileid="3" />
                <SequencePoint vc="0" upsid="210" ordinal="6" sl="210" sc="1" el="210" ec="2" bec="0" bev="0" fileid="3" />
              </SequencePoints>
              <BranchPoints>
                <BranchPoint vc="0" upsid="202" ordinal="0" path="0" offset="21" offsetend="23" sl="202" fileid="3" />
                <BranchPoint vc="0" upsid="202" ordinal="1" path="1" offset="21" offsetend="33" sl="202" fileid="3" />
              </BranchPoints>
              <MethodPoint vc="0" upsid="0" p8:type="SequencePoint" ordinal="14" offset="14" sc="0" sl="199" ec="1" el="210" bec="0" bev="0" fileid="3" xmlns:p8="xsi" />
            </Method>
            <Method cyclomaticComplexity="0" nPathComplexity="0" sequenceCoverage="0" branchCoverage="0" isConstructor="True" isGetter="False" isSetter="False" isStatic="True">
              <Summary numSequencePoints="4" visitedSequencePoints="0" numBranchPoints="0" visitedBranchPoints="0" sequenceCoverage="0" branchCoverage="0" maxCyclomaticComplexity="0" minCyclomaticComplexity="0" visitedClasses="0" numClasses="0" visitedMethods="0" numMethods="1" />
              <MetadataToken />
              <Name>System.Void Envoice.MongoRepository.CollectionStatsResult::.ctor(MongoDB.Bson.BsonDocument)</Name>
              <FileRef uid="3" />
              <SequencePoints>
                <SequencePoint vc="0" upsid="55" ordinal="0" sl="55" sc="1" el="55" ec="2" bec="0" bev="0" fileid="3" />
                <SequencePoint vc="0" upsid="56" ordinal="1" sl="56" sc="1" el="56" ec="2" bec="0" bev="0" fileid="3" />
                <SequencePoint vc="0" upsid="57" ordinal="2" sl="57" sc="1" el="57" ec="2" bec="0" bev="0" fileid="3" />
                <SequencePoint vc="0" upsid="58" ordinal="3" sl="58" sc="1" el="58" ec="2" bec="0" bev="0" fileid="3" />
              </SequencePoints>
              <BranchPoints />
              <MethodPoint vc="0" upsid="0" p8:type="SequencePoint" ordinal="15" offset="15" sc="0" sl="55" ec="1" el="58" bec="0" bev="0" fileid="3" xmlns:p8="xsi" />
            </Method>
          </Methods>
        </Class>
        <Class>
          <Summary numSequencePoints="11" visitedSequencePoints="0" numBranchPoints="2" visitedBranchPoints="0" sequenceCoverage="0" branchCoverage="0" maxCyclomaticComplexity="0" minCyclomaticComplexity="0" visitedClasses="0" numClasses="1" visitedMethods="0" numMethods="6" />
          <FullName>Envoice.MongoRepository.CollectionStatsResult/IndexSizesResult</FullName>
          <Methods>
            <Method cyclomaticComplexity="0" nPathComplexity="0" sequenceCoverage="0" branchCoverage="0" isConstructor="False" isGetter="True" isSetter="False" isStatic="True">
              <Summary numSequencePoints="1" visitedSequencePoints="0" numBranchPoints="0" visitedBranchPoints="0" sequenceCoverage="0" branchCoverage="0" maxCyclomaticComplexity="0" minCyclomaticComplexity="0" visitedClasses="0" numClasses="0" visitedMethods="0" numMethods="1" />
              <MetadataToken />
              <Name>System.Int64 Envoice.MongoRepository.CollectionStatsResult/IndexSizesResult::get_Item(System.String)</Name>
              <FileRef uid="3" />
              <SequencePoints>
                <SequencePoint vc="0" upsid="240" ordinal="0" sl="240" sc="1" el="240" ec="2" bec="0" bev="0" fileid="3" />
              </SequencePoints>
              <BranchPoints />
              <MethodPoint vc="0" upsid="0" p8:type="SequencePoint" ordinal="0" offset="0" sc="0" sl="240" ec="1" el="240" bec="0" bev="0" fileid="3" xmlns:p8="xsi" />
            </Method>
            <Method cyclomaticComplexity="0" nPathComplexity="0" sequenceCoverage="0" branchCoverage="0" isConstructor="False" isGetter="True" isSetter="False" isStatic="True">
              <Summary numSequencePoints="1" visitedSequencePoints="0" numBranchPoints="0" visitedBranchPoints="0" sequenceCoverage="0" branchCoverage="0" maxCyclomaticComplexity="0" minCyclomaticComplexity="0" visitedClasses="0" numClasses="0" visitedMethods="0" numMethods="1" />
              <MetadataToken />
              <Name>System.Int32 Envoice.MongoRepository.CollectionStatsResult/IndexSizesResult::get_Count()</Name>
              <FileRef uid="3" />
              <SequencePoints>
                <SequencePoint vc="0" upsid="249" ordinal="0" sl="249" sc="1" el="249" ec="2" bec="0" bev="0" fileid="3" />
              </SequencePoints>
              <BranchPoints />
              <MethodPoint vc="0" upsid="0" p8:type="SequencePoint" ordinal="1" offset="1" sc="0" sl="249" ec="1" el="249" bec="0" bev="0" fileid="3" xmlns:p8="xsi" />
            </Method>
            <Method cyclomaticComplexity="0" nPathComplexity="0" sequenceCoverage="0" branchCoverage="0" isConstructor="False" isGetter="True" isSetter="False" isStatic="True">
              <Summary numSequencePoints="1" visitedSequencePoints="0" numBranchPoints="0" visitedBranchPoints="0" sequenceCoverage="0" branchCoverage="0" maxCyclomaticComplexity="0" minCyclomaticComplexity="0" visitedClasses="0" numClasses="0" visitedMethods="0" numMethods="1" />
              <MetadataToken />
              <Name>System.Collections.Generic.IEnumerable`1&lt;System.String&gt; Envoice.MongoRepository.CollectionStatsResult/IndexSizesResult::get_Keys()</Name>
              <FileRef uid="3" />
              <SequencePoints>
                <SequencePoint vc="0" upsid="257" ordinal="0" sl="257" sc="1" el="257" ec="2" bec="0" bev="0" fileid="3" />
              </SequencePoints>
              <BranchPoints />
              <MethodPoint vc="0" upsid="0" p8:type="SequencePoint" ordinal="2" offset="2" sc="0" sl="257" ec="1" el="257" bec="0" bev="0" fileid="3" xmlns:p8="xsi" />
            </Method>
            <Method cyclomaticComplexity="0" nPathComplexity="0" sequenceCoverage="0" branchCoverage="0" isConstructor="False" isGetter="True" isSetter="False" isStatic="True">
              <Summary numSequencePoints="1" visitedSequencePoints="0" numBranchPoints="2" visitedBranchPoints="0" sequenceCoverage="0" branchCoverage="0" maxCyclomaticComplexity="0" minCyclomaticComplexity="0" visitedClasses="0" numClasses="0" visitedMethods="0" numMethods="1" />
              <MetadataToken />
              <Name>System.Collections.Generic.IEnumerable`1&lt;System.Int64&gt; Envoice.MongoRepository.CollectionStatsResult/IndexSizesResult::get_Values()</Name>
              <FileRef uid="3" />
              <SequencePoints>
                <SequencePoint vc="0" upsid="265" ordinal="0" sl="265" sc="1" el="265" ec="2" bec="0" bev="0" fileid="3" />
              </SequencePoints>
              <BranchPoints>
                <BranchPoint vc="0" upsid="265" ordinal="0" path="0" offset="18" offsetend="20" sl="265" fileid="3" />
                <BranchPoint vc="0" upsid="265" ordinal="1" path="1" offset="18" offsetend="43" sl="265" fileid="3" />
              </BranchPoints>
              <MethodPoint vc="0" upsid="0" p8:type="SequencePoint" ordinal="3" offset="3" sc="0" sl="265" ec="1" el="265" bec="0" bev="0" fileid="3" xmlns:p8="xsi" />
            </Method>
            <Method cyclomaticComplexity="0" nPathComplexity="0" sequenceCoverage="0" branchCoverage="0" isConstructor="False" isGetter="False" isSetter="False" isStatic="True">
              <Summary numSequencePoints="3" visitedSequencePoints="0" numBranchPoints="0" visitedBranchPoints="0" sequenceCoverage="0" branchCoverage="0" maxCyclomaticComplexity="0" minCyclomaticComplexity="0" visitedClasses="0" numClasses="0" visitedMethods="0" numMethods="1" />
              <MetadataToken />
              <Name>System.Boolean Envoice.MongoRepository.CollectionStatsResult/IndexSizesResult::ContainsKey(System.String)</Name>
              <FileRef uid="3" />
              <SequencePoints>
                <SequencePoint vc="0" upsid="275" ordinal="0" sl="275" sc="1" el="275" ec="2" bec="0" bev="0" fileid="3" />
                <SequencePoint vc="0" upsid="276" ordinal="1" sl="276" sc="1" el="276" ec="2" bec="0" bev="0" fileid="3" />
                <SequencePoint vc="0" upsid="277" ordinal="2" sl="277" sc="1" el="277" ec="2" bec="0" bev="0" fileid="3" />
              </SequencePoints>
              <BranchPoints />
              <MethodPoint vc="0" upsid="0" p8:type="SequencePoint" ordinal="4" offset="4" sc="0" sl="275" ec="1" el="277" bec="0" bev="0" fileid="3" xmlns:p8="xsi" />
            </Method>
            <Method cyclomaticComplexity="0" nPathComplexity="0" sequenceCoverage="0" branchCoverage="0" isConstructor="True" isGetter="False" isSetter="False" isStatic="True">
              <Summary numSequencePoints="4" visitedSequencePoints="0" numBranchPoints="0" visitedBranchPoints="0" sequenceCoverage="0" branchCoverage="0" maxCyclomaticComplexity="0" minCyclomaticComplexity="0" visitedClasses="0" numClasses="0" visitedMethods="0" numMethods="1" />
              <MetadataToken />
              <Name>System.Void Envoice.MongoRepository.CollectionStatsResult/IndexSizesResult::.ctor(MongoDB.Bson.BsonDocument)</Name>
              <FileRef uid="3" />
              <SequencePoints>
                <SequencePoint vc="0" upsid="227" ordinal="0" sl="227" sc="1" el="227" ec="2" bec="0" bev="0" fileid="3" />
                <SequencePoint vc="0" upsid="228" ordinal="1" sl="228" sc="1" el="228" ec="2" bec="0" bev="0" fileid="3" />
                <SequencePoint vc="0" upsid="229" ordinal="2" sl="229" sc="1" el="229" ec="2" bec="0" bev="0" fileid="3" />
                <SequencePoint vc="0" upsid="230" ordinal="3" sl="230" sc="1" el="230" ec="2" bec="0" bev="0" fileid="3" />
              </SequencePoints>
              <BranchPoints />
              <MethodPoint vc="0" upsid="0" p8:type="SequencePoint" ordinal="5" offset="5" sc="0" sl="227" ec="1" el="230" bec="0" bev="0" fileid="3" xmlns:p8="xsi" />
            </Method>
          </Methods>
        </Class>
        <Class>
          <Summary numSequencePoints="5" visitedSequencePoints="5" numBranchPoints="0" visitedBranchPoints="0" sequenceCoverage="1" branchCoverage="0" maxCyclomaticComplexity="0" minCyclomaticComplexity="0" visitedClasses="1" numClasses="1" visitedMethods="2" numMethods="2" />
          <FullName>Envoice.MongoRepository.Entity</FullName>
          <Methods>
            <Method cyclomaticComplexity="0" nPathComplexity="0" sequenceCoverage="1" branchCoverage="0" isConstructor="False" isGetter="True" isSetter="False" isStatic="True">
              <Summary numSequencePoints="1" visitedSequencePoints="1" numBranchPoints="0" visitedBranchPoints="0" sequenceCoverage="1" branchCoverage="0" maxCyclomaticComplexity="0" minCyclomaticComplexity="0" visitedClasses="0" numClasses="0" visitedMethods="1" numMethods="1" />
              <MetadataToken />
              <Name>System.String Envoice.MongoRepository.Entity::get_Id()</Name>
              <FileRef uid="4" />
              <SequencePoints>
                <SequencePoint vc="526" upsid="27" ordinal="0" sl="27" sc="1" el="27" ec="2" bec="0" bev="0" fileid="4" />
              </SequencePoints>
              <BranchPoints />
              <MethodPoint vc="1" upsid="0" p8:type="SequencePoint" ordinal="0" offset="0" sc="0" sl="27" ec="1" el="27" bec="0" bev="0" fileid="4" xmlns:p8="xsi" />
            </Method>
            <Method cyclomaticComplexity="0" nPathComplexity="0" sequenceCoverage="1" branchCoverage="0" isConstructor="True" isGetter="False" isSetter="False" isStatic="True">
              <Summary numSequencePoints="4" visitedSequencePoints="4" numBranchPoints="0" visitedBranchPoints="0" sequenceCoverage="1" branchCoverage="0" maxCyclomaticComplexity="0" minCyclomaticComplexity="0" visitedClasses="0" numClasses="0" visitedMethods="1" numMethods="1" />
              <MetadataToken />
              <Name>System.Void Envoice.MongoRepository.Entity::.ctor()</Name>
              <FileRef uid="4" />
              <SequencePoints>
                <SequencePoint vc="154" upsid="18" ordinal="0" sl="18" sc="1" el="18" ec="2" bec="0" bev="0" fileid="4" />
                <SequencePoint vc="154" upsid="19" ordinal="1" sl="19" sc="1" el="19" ec="2" bec="0" bev="0" fileid="4" />
                <SequencePoint vc="154" upsid="20" ordinal="2" sl="20" sc="1" el="20" ec="2" bec="0" bev="0" fileid="4" />
                <SequencePoint vc="154" upsid="21" ordinal="3" sl="21" sc="1" el="21" ec="2" bec="0" bev="0" fileid="4" />
              </SequencePoints>
              <BranchPoints />
              <MethodPoint vc="4" upsid="0" p8:type="SequencePoint" ordinal="1" offset="1" sc="0" sl="18" ec="1" el="21" bec="0" bev="0" fileid="4" xmlns:p8="xsi" />
            </Method>
          </Methods>
        </Class>
        <Class>
          <Summary numSequencePoints="30" visitedSequencePoints="30" numBranchPoints="4" visitedBranchPoints="4" sequenceCoverage="1" branchCoverage="1" maxCyclomaticComplexity="0" minCyclomaticComplexity="0" visitedClasses="1" numClasses="1" visitedMethods="5" numMethods="5" />
          <FullName>Envoice.MongoRepository.MongoConfig</FullName>
          <Methods>
            <Method cyclomaticComplexity="0" nPathComplexity="0" sequenceCoverage="1" branchCoverage="1" isConstructor="False" isGetter="False" isSetter="False" isStatic="True">
              <Summary numSequencePoints="7" visitedSequencePoints="7" numBranchPoints="2" visitedBranchPoints="2" sequenceCoverage="1" branchCoverage="1" maxCyclomaticComplexity="0" minCyclomaticComplexity="0" visitedClasses="0" numClasses="0" visitedMethods="1" numMethods="1" />
              <MetadataToken />
              <Name>System.Void Envoice.MongoRepository.MongoConfig::EnsureConfigured()</Name>
              <FileRef uid="5" />
              <SequencePoints>
                <SequencePoint vc="22" upsid="24" ordinal="0" sl="24" sc="1" el="24" ec="2" bec="0" bev="0" fileid="5" />
                <SequencePoint vc="22" upsid="25" ordinal="1" sl="25" sc="1" el="25" ec="2" bec="0" bev="0" fileid="5" />
                <SequencePoint vc="23" upsid="26" ordinal="2" sl="26" sc="1" el="26" ec="2" bec="0" bev="0" fileid="5" />
                <SequencePoint vc="23" upsid="27" ordinal="3" sl="27" sc="1" el="27" ec="2" bec="0" bev="0" fileid="5" />
                <SequencePoint vc="23" upsid="28" ordinal="4" sl="28" sc="1" el="28" ec="2" bec="0" bev="0" fileid="5" />
                <SequencePoint vc="23" upsid="29" ordinal="5" sl="29" sc="1" el="29" ec="2" bec="0" bev="0" fileid="5" />
                <SequencePoint vc="22" upsid="30" ordinal="6" sl="30" sc="1" el="30" ec="2" bec="0" bev="0" fileid="5" />
              </SequencePoints>
              <BranchPoints>
                <BranchPoint vc="1" upsid="25" ordinal="0" path="0" offset="22" offsetend="24" sl="25" fileid="5" />
                <BranchPoint vc="22" upsid="25" ordinal="1" path="1" offset="22" offsetend="47" sl="25" fileid="5" />
              </BranchPoints>
              <MethodPoint vc="7" upsid="0" p8:type="SequencePoint" ordinal="0" offset="0" sc="0" sl="24" ec="1" el="30" bec="0" bev="0" fileid="5" xmlns:p8="xsi" />
            </Method>
            <Method cyclomaticComplexity="0" nPathComplexity="0" sequenceCoverage="1" branchCoverage="1" isConstructor="False" isGetter="False" isSetter="False" isStatic="True">
              <Summary numSequencePoints="10" visitedSequencePoints="10" numBranchPoints="2" visitedBranchPoints="2" sequenceCoverage="1" branchCoverage="1" maxCyclomaticComplexity="0" minCyclomaticComplexity="0" visitedClasses="0" numClasses="0" visitedMethods="1" numMethods="1" />
              <MetadataToken />
              <Name>System.Void Envoice.MongoRepository.MongoConfig::Configure()</Name>
              <FileRef uid="5" />
              <SequencePoints>
                <SequencePoint vc="1" upsid="35" ordinal="0" sl="35" sc="1" el="35" ec="2" bec="0" bev="0" fileid="5" />
                <SequencePoint vc="1" upsid="36" ordinal="1" sl="36" sc="1" el="36" ec="2" bec="0" bev="0" fileid="5" />
                <SequencePoint vc="1" upsid="38" ordinal="2" sl="38" sc="1" el="38" ec="2" bec="0" bev="0" fileid="5" />
                <SequencePoint vc="2" upsid="39" ordinal="3" sl="39" sc="1" el="39" ec="2" bec="0" bev="0" fileid="5" />
                <SequencePoint vc="2" upsid="40" ordinal="4" sl="40" sc="1" el="40" ec="2" bec="0" bev="0" fileid="5" />
                <SequencePoint vc="2" upsid="41" ordinal="5" sl="41" sc="1" el="41" ec="2" bec="0" bev="0" fileid="5" />
                <SequencePoint vc="2" upsid="42" ordinal="6" sl="42" sc="1" el="42" ec="2" bec="0" bev="0" fileid="5" />
                <SequencePoint vc="2" upsid="43" ordinal="7" sl="43" sc="1" el="43" ec="2" bec="0" bev="0" fileid="5" />
                <SequencePoint vc="2" upsid="44" ordinal="8" sl="44" sc="1" el="44" ec="2" bec="0" bev="0" fileid="5" />
                <SequencePoint vc="1" upsid="46" ordinal="9" sl="46" sc="1" el="46" ec="2" bec="0" bev="0" fileid="5" />
              </SequencePoints>
              <BranchPoints>
                <BranchPoint vc="1" upsid="38" ordinal="0" path="0" offset="13" offsetend="15" sl="38" fileid="5" />
                <BranchPoint vc="1" upsid="38" ordinal="1" path="1" offset="13" offsetend="38" sl="38" fileid="5" />
              </BranchPoints>
              <MethodPoint vc="10" upsid="0" p8:type="SequencePoint" ordinal="1" offset="1" sc="0" sl="35" ec="1" el="46" bec="0" bev="0" fileid="5" xmlns:p8="xsi" />
            </Method>
            <Method cyclomaticComplexity="0" nPathComplexity="0" sequenceCoverage="1" branchCoverage="0" isConstructor="False" isGetter="False" isSetter="False" isStatic="True">
              <Summary numSequencePoints="8" visitedSequencePoints="8" numBranchPoints="0" visitedBranchPoints="0" sequenceCoverage="1" branchCoverage="0" maxCyclomaticComplexity="0" minCyclomaticComplexity="0" visitedClasses="0" numClasses="0" visitedMethods="1" numMethods="1" />
              <MetadataToken />
              <Name>System.Void Envoice.MongoRepository.MongoConfig::RegisterConventions()</Name>
              <FileRef uid="5" />
              <SequencePoints>
                <SequencePoint vc="1" upsid="49" ordinal="0" sl="49" sc="1" el="49" ec="2" bec="0" bev="0" fileid="5" />
                <SequencePoint vc="1" upsid="51" ordinal="1" sl="51" sc="1" el="51" ec="2" bec="0" bev="0" fileid="5" />
                <SequencePoint vc="1" upsid="52" ordinal="2" sl="52" sc="1" el="52" ec="2" bec="0" bev="0" fileid="5" />
                <SequencePoint vc="1" upsid="53" ordinal="3" sl="53" sc="1" el="53" ec="2" bec="0" bev="0" fileid="5" />
                <SequencePoint vc="1" upsid="54" ordinal="4" sl="54" sc="1" el="54" ec="2" bec="0" bev="0" fileid="5" />
                <SequencePoint vc="1" upsid="55" ordinal="5" sl="55" sc="1" el="55" ec="2" bec="0" bev="0" fileid="5" />
                <SequencePoint vc="1" upsid="57" ordinal="6" sl="57" sc="1" el="57" ec="2" bec="0" bev="0" fileid="5" />
                <SequencePoint vc="1" upsid="58" ordinal="7" sl="58" sc="1" el="58" ec="2" bec="0" bev="0" fileid="5" />
              </SequencePoints>
              <BranchPoints />
              <MethodPoint vc="8" upsid="0" p8:type="SequencePoint" ordinal="2" offset="2" sc="0" sl="49" ec="1" el="58" bec="0" bev="0" fileid="5" xmlns:p8="xsi" />
            </Method>
            <Method cyclomaticComplexity="0" nPathComplexity="0" sequenceCoverage="1" branchCoverage="0" isConstructor="False" isGetter="False" isSetter="False" isStatic="True">
              <Summary numSequencePoints="3" visitedSequencePoints="3" numBranchPoints="0" visitedBranchPoints="0" sequenceCoverage="1" branchCoverage="0" maxCyclomaticComplexity="0" minCyclomaticComplexity="0" visitedClasses="0" numClasses="0" visitedMethods="1" numMethods="1" />
              <MetadataToken />
              <Name>System.Boolean Envoice.MongoRepository.MongoConfig::IsConventionApplicable(System.Type)</Name>
              <FileRef uid="5" />
              <SequencePoints>
                <SequencePoint vc="26" upsid="61" ordinal="0" sl="61" sc="1" el="61" ec="2" bec="0" bev="0" fileid="5" />
                <SequencePoint vc="26" upsid="62" ordinal="1" sl="62" sc="1" el="62" ec="2" bec="0" bev="0" fileid="5" />
                <SequencePoint vc="26" upsid="63" ordinal="2" sl="63" sc="1" el="63" ec="2" bec="0" bev="0" fileid="5" />
              </SequencePoints>
              <BranchPoints />
              <MethodPoint vc="3" upsid="0" p8:type="SequencePoint" ordinal="3" offset="3" sc="0" sl="61" ec="1" el="63" bec="0" bev="0" fileid="5" xmlns:p8="xsi" />
            </Method>
            <Method cyclomaticComplexity="0" nPathComplexity="0" sequenceCoverage="1" branchCoverage="0" isConstructor="True" isGetter="False" isSetter="False" isStatic="True">
              <Summary numSequencePoints="2" visitedSequencePoints="2" numBranchPoints="0" visitedBranchPoints="0" sequenceCoverage="1" branchCoverage="0" maxCyclomaticComplexity="0" minCyclomaticComplexity="0" visitedClasses="0" numClasses="0" visitedMethods="1" numMethods="1" />
              <MetadataToken />
              <Name>System.Void Envoice.MongoRepository.MongoConfig::.cctor()</Name>
              <FileRef uid="5" />
              <SequencePoints>
                <SequencePoint vc="1" upsid="16" ordinal="0" sl="16" sc="1" el="16" ec="2" bec="0" bev="0" fileid="5" />
                <SequencePoint vc="1" upsid="17" ordinal="1" sl="17" sc="1" el="17" ec="2" bec="0" bev="0" fileid="5" />
              </SequencePoints>
              <BranchPoints />
              <MethodPoint vc="2" upsid="0" p8:type="SequencePoint" ordinal="4" offset="4" sc="0" sl="16" ec="1" el="17" bec="0" bev="0" fileid="5" xmlns:p8="xsi" />
            </Method>
          </Methods>
        </Class>
        <Class>
          <Summary numSequencePoints="87" visitedSequencePoints="77" numBranchPoints="8" visitedBranchPoints="7" sequenceCoverage="0.885" branchCoverage="0.875" maxCyclomaticComplexity="0" minCyclomaticComplexity="0" visitedClasses="1" numClasses="1" visitedMethods="22" numMethods="27" />
          <FullName>Envoice.MongoRepository.MongoRepository`2</FullName>
          <Methods>
            <Method cyclomaticComplexity="0" nPathComplexity="0" sequenceCoverage="0" branchCoverage="0" isConstructor="False" isGetter="True" isSetter="False" isStatic="True">
              <Summary numSequencePoints="1" visitedSequencePoints="0" numBranchPoints="0" visitedBranchPoints="0" sequenceCoverage="0" branchCoverage="0" maxCyclomaticComplexity="0" minCyclomaticComplexity="0" visitedClasses="0" numClasses="0" visitedMethods="0" numMethods="1" />
              <MetadataToken />
              <Name>Envoice.MongoRepository.MongoRepositoryConfig Envoice.MongoRepository.MongoRepository`2::get_Config()</Name>
              <FileRef uid="6" />
              <SequencePoints>
                <SequencePoint vc="0" upsid="30" ordinal="0" sl="30" sc="1" el="30" ec="2" bec="0" bev="0" fileid="6" />
              </SequencePoints>
              <BranchPoints />
              <MethodPoint vc="0" upsid="0" p8:type="SequencePoint" ordinal="0" offset="0" sc="0" sl="30" ec="1" el="30" bec="0" bev="0" fileid="6" xmlns:p8="xsi" />
            </Method>
            <Method cyclomaticComplexity="0" nPathComplexity="0" sequenceCoverage="0" branchCoverage="0" isConstructor="False" isGetter="True" isSetter="False" isStatic="True">
              <Summary numSequencePoints="1" visitedSequencePoints="0" numBranchPoints="0" visitedBranchPoints="0" sequenceCoverage="0" branchCoverage="0" maxCyclomaticComplexity="0" minCyclomaticComplexity="0" visitedClasses="0" numClasses="0" visitedMethods="0" numMethods="1" />
              <MetadataToken />
              <Name>MongoDB.Driver.IMongoCollection`1&lt;T&gt; Envoice.MongoRepository.MongoRepository`2::get_Collection()</Name>
              <FileRef uid="6" />
              <SequencePoints>
                <SequencePoint vc="0" upsid="73" ordinal="0" sl="73" sc="1" el="73" ec="2" bec="0" bev="0" fileid="6" />
              </SequencePoints>
              <BranchPoints />
              <MethodPoint vc="0" upsid="0" p8:type="SequencePoint" ordinal="1" offset="1" sc="0" sl="73" ec="1" el="73" bec="0" bev="0" fileid="6" xmlns:p8="xsi" />
            </Method>
            <Method cyclomaticComplexity="0" nPathComplexity="0" sequenceCoverage="1" branchCoverage="0" isConstructor="False" isGetter="True" isSetter="False" isStatic="True">
              <Summary numSequencePoints="1" visitedSequencePoints="1" numBranchPoints="0" visitedBranchPoints="0" sequenceCoverage="1" branchCoverage="0" maxCyclomaticComplexity="0" minCyclomaticComplexity="0" visitedClasses="0" numClasses="0" visitedMethods="1" numMethods="1" />
              <MetadataToken />
              <Name>System.String Envoice.MongoRepository.MongoRepository`2::get_CollectionName()</Name>
              <FileRef uid="6" />
              <SequencePoints>
                <SequencePoint vc="24" upsid="81" ordinal="0" sl="81" sc="1" el="81" ec="2" bec="0" bev="0" fileid="6" />
              </SequencePoints>
              <BranchPoints />
              <MethodPoint vc="1" upsid="0" p8:type="SequencePoint" ordinal="2" offset="2" sc="0" sl="81" ec="1" el="81" bec="0" bev="0" fileid="6" xmlns:p8="xsi" />
            </Method>
            <Method cyclomaticComplexity="0" nPathComplexity="0" sequenceCoverage="1" branchCoverage="0" isConstructor="False" isGetter="False" isSetter="False" isStatic="True">
              <Summary numSequencePoints="4" visitedSequencePoints="4" numBranchPoints="0" visitedBranchPoints="0" sequenceCoverage="1" branchCoverage="0" maxCyclomaticComplexity="0" minCyclomaticComplexity="0" visitedClasses="0" numClasses="0" visitedMethods="1" numMethods="1" />
              <MetadataToken />
              <Name>T Envoice.MongoRepository.MongoRepository`2::Add(T,MongoDB.Driver.InsertOneOptions,System.Threading.CancellationToken)</Name>
              <FileRef uid="6" />
              <SequencePoints>
                <SequencePoint vc="11" upsid="92" ordinal="0" sl="92" sc="1" el="92" ec="2" bec="0" bev="0" fileid="6" />
                <SequencePoint vc="11" upsid="93" ordinal="1" sl="93" sc="1" el="93" ec="2" bec="0" bev="0" fileid="6" />
                <SequencePoint vc="11" upsid="94" ordinal="2" sl="94" sc="1" el="94" ec="2" bec="0" bev="0" fileid="6" />
                <SequencePoint vc="11" upsid="95" ordinal="3" sl="95" sc="1" el="95" ec="2" bec="0" bev="0" fileid="6" />
              </SequencePoints>
              <BranchPoints />
              <MethodPoint vc="4" upsid="0" p8:type="SequencePoint" ordinal="3" offset="3" sc="0" sl="92" ec="1" el="95" bec="0" bev="0" fileid="6" xmlns:p8="xsi" />
            </Method>
            <Method cyclomaticComplexity="0" nPathComplexity="0" sequenceCoverage="1" branchCoverage="0" isConstructor="False" isGetter="False" isSetter="False" isStatic="True">
              <Summary numSequencePoints="3" visitedSequencePoints="3" numBranchPoints="0" visitedBranchPoints="0" sequenceCoverage="1" branchCoverage="0" maxCyclomaticComplexity="0" minCyclomaticComplexity="0" visitedClasses="0" numClasses="0" visitedMethods="1" numMethods="1" />
              <MetadataToken />
              <Name>System.Void Envoice.MongoRepository.MongoRepository`2::Add(System.Collections.Generic.IEnumerable`1&lt;T&gt;,MongoDB.Driver.InsertManyOptions,System.Threading.CancellationToken)</Name>
              <FileRef uid="6" />
              <SequencePoints>
                <SequencePoint vc="13" upsid="104" ordinal="0" sl="104" sc="1" el="104" ec="2" bec="0" bev="0" fileid="6" />
                <SequencePoint vc="13" upsid="105" ordinal="1" sl="105" sc="1" el="105" ec="2" bec="0" bev="0" fileid="6" />
                <SequencePoint vc="13" upsid="106" ordinal="2" sl="106" sc="1" el="106" ec="2" bec="0" bev="0" fileid="6" />
              </SequencePoints>
              <BranchPoints />
              <MethodPoint vc="3" upsid="0" p8:type="SequencePoint" ordinal="4" offset="4" sc="0" sl="104" ec="1" el="106" bec="0" bev="0" fileid="6" xmlns:p8="xsi" />
            </Method>
            <Method cyclomaticComplexity="0" nPathComplexity="0" sequenceCoverage="1" branchCoverage="0" isConstructor="False" isGetter="False" isSetter="False" isStatic="True">
              <Summary numSequencePoints="3" visitedSequencePoints="3" numBranchPoints="0" visitedBranchPoints="0" sequenceCoverage="1" branchCoverage="0" maxCyclomaticComplexity="0" minCyclomaticComplexity="0" visitedClasses="0" numClasses="0" visitedMethods="1" numMethods="1" />
              <MetadataToken />
              <Name>System.Int64 Envoice.MongoRepository.MongoRepository`2::Count(MongoDB.Driver.CountOptions,System.Threading.CancellationToken)</Name>
              <FileRef uid="6" />
              <SequencePoints>
                <SequencePoint vc="14" upsid="139" ordinal="0" sl="139" sc="1" el="139" ec="2" bec="0" bev="0" fileid="6" />
                <SequencePoint vc="14" upsid="140" ordinal="1" sl="140" sc="1" el="140" ec="2" bec="0" bev="0" fileid="6" />
                <SequencePoint vc="14" upsid="141" ordinal="2" sl="141" sc="1" el="141" ec="2" bec="0" bev="0" fileid="6" />
              </SequencePoints>
              <BranchPoints />
              <MethodPoint vc="3" upsid="0" p8:type="SequencePoint" ordinal="5" offset="5" sc="0" sl="139" ec="1" el="141" bec="0" bev="0" fileid="6" xmlns:p8="xsi" />
            </Method>
            <Method cyclomaticComplexity="0" nPathComplexity="0" sequenceCoverage="1" branchCoverage="0" isConstructor="False" isGetter="False" isSetter="False" isStatic="True">
              <Summary numSequencePoints="3" visitedSequencePoints="3" numBranchPoints="0" visitedBranchPoints="0" sequenceCoverage="1" branchCoverage="0" maxCyclomaticComplexity="0" minCyclomaticComplexity="0" visitedClasses="0" numClasses="0" visitedMethods="1" numMethods="1" />
              <MetadataToken />
              <Name>System.Void Envoice.MongoRepository.MongoRepository`2::Delete(TKey,System.Threading.CancellationToken)</Name>
              <FileRef uid="6" />
              <SequencePoints>
                <SequencePoint vc="8" upsid="160" ordinal="0" sl="160" sc="1" el="160" ec="2" bec="0" bev="0" fileid="6" />
                <SequencePoint vc="8" upsid="162" ordinal="1" sl="162" sc="1" el="162" ec="2" bec="0" bev="0" fileid="6" />
                <SequencePoint vc="8" upsid="163" ordinal="2" sl="163" sc="1" el="163" ec="2" bec="0" bev="0" fileid="6" />
              </SequencePoints>
              <BranchPoints />
              <MethodPoint vc="3" upsid="0" p8:type="SequencePoint" ordinal="6" offset="6" sc="0" sl="160" ec="1" el="163" bec="0" bev="0" fileid="6" xmlns:p8="xsi" />
            </Method>
            <Method cyclomaticComplexity="0" nPathComplexity="0" sequenceCoverage="0" branchCoverage="0" isConstructor="False" isGetter="False" isSetter="False" isStatic="True">
              <Summary numSequencePoints="3" visitedSequencePoints="0" numBranchPoints="0" visitedBranchPoints="0" sequenceCoverage="0" branchCoverage="0" maxCyclomaticComplexity="0" minCyclomaticComplexity="0" visitedClasses="0" numClasses="0" visitedMethods="0" numMethods="1" />
              <MetadataToken />
              <Name>System.Void Envoice.MongoRepository.MongoRepository`2::Delete(MongoDB.Bson.ObjectId,System.Threading.CancellationToken)</Name>
              <FileRef uid="6" />
              <SequencePoints>
                <SequencePoint vc="0" upsid="171" ordinal="0" sl="171" sc="1" el="171" ec="2" bec="0" bev="0" fileid="6" />
                <SequencePoint vc="0" upsid="172" ordinal="1" sl="172" sc="1" el="172" ec="2" bec="0" bev="0" fileid="6" />
                <SequencePoint vc="0" upsid="173" ordinal="2" sl="173" sc="1" el="173" ec="2" bec="0" bev="0" fileid="6" />
              </SequencePoints>
              <BranchPoints />
              <MethodPoint vc="0" upsid="0" p8:type="SequencePoint" ordinal="7" offset="7" sc="0" sl="171" ec="1" el="173" bec="0" bev="0" fileid="6" xmlns:p8="xsi" />
            </Method>
            <Method cyclomaticComplexity="0" nPathComplexity="0" sequenceCoverage="1" branchCoverage="0" isConstructor="False" isGetter="False" isSetter="False" isStatic="True">
              <Summary numSequencePoints="3" visitedSequencePoints="3" numBranchPoints="0" visitedBranchPoints="0" sequenceCoverage="1" branchCoverage="0" maxCyclomaticComplexity="0" minCyclomaticComplexity="0" visitedClasses="0" numClasses="0" visitedMethods="1" numMethods="1" />
              <MetadataToken />
              <Name>System.Void Envoice.MongoRepository.MongoRepository`2::Delete(T,System.Threading.CancellationToken)</Name>
              <FileRef uid="6" />
              <SequencePoints>
                <SequencePoint vc="4" upsid="181" ordinal="0" sl="181" sc="1" el="181" ec="2" bec="0" bev="0" fileid="6" />
                <SequencePoint vc="4" upsid="182" ordinal="1" sl="182" sc="1" el="182" ec="2" bec="0" bev="0" fileid="6" />
                <SequencePoint vc="4" upsid="183" ordinal="2" sl="183" sc="1" el="183" ec="2" bec="0" bev="0" fileid="6" />
              </SequencePoints>
              <BranchPoints />
              <MethodPoint vc="3" upsid="0" p8:type="SequencePoint" ordinal="8" offset="8" sc="0" sl="181" ec="1" el="183" bec="0" bev="0" fileid="6" xmlns:p8="xsi" />
            </Method>
            <Method cyclomaticComplexity="0" nPathComplexity="0" sequenceCoverage="1" branchCoverage="0" isConstructor="False" isGetter="False" isSetter="False" isStatic="True">
              <Summary numSequencePoints="3" visitedSequencePoints="3" numBranchPoints="0" visitedBranchPoints="0" sequenceCoverage="1" branchCoverage="0" maxCyclomaticComplexity="0" minCyclomaticComplexity="0" visitedClasses="0" numClasses="0" visitedMethods="1" numMethods="1" />
              <MetadataToken />
              <Name>System.Void Envoice.MongoRepository.MongoRepository`2::Delete(System.Linq.Expressions.Expression`1&lt;System.Func`2&lt;T,System.Boolean&gt;&gt;,System.Threading.CancellationToken)</Name>
              <FileRef uid="6" />
              <SequencePoints>
                <SequencePoint vc="2" upsid="191" ordinal="0" sl="191" sc="1" el="191" ec="2" bec="0" bev="0" fileid="6" />
                <SequencePoint vc="2" upsid="192" ordinal="1" sl="192" sc="1" el="192" ec="2" bec="0" bev="0" fileid="6" />
                <SequencePoint vc="2" upsid="193" ordinal="2" sl="193" sc="1" el="193" ec="2" bec="0" bev="0" fileid="6" />
              </SequencePoints>
              <BranchPoints />
              <MethodPoint vc="3" upsid="0" p8:type="SequencePoint" ordinal="9" offset="9" sc="0" sl="191" ec="1" el="193" bec="0" bev="0" fileid="6" xmlns:p8="xsi" />
            </Method>
            <Method cyclomaticComplexity="0" nPathComplexity="0" sequenceCoverage="1" branchCoverage="1" isConstructor="False" isGetter="False" isSetter="False" isStatic="True">
              <Summary numSequencePoints="9" visitedSequencePoints="9" numBranchPoints="2" visitedBranchPoints="2" sequenceCoverage="1" branchCoverage="1" maxCyclomaticComplexity="0" minCyclomaticComplexity="0" visitedClasses="0" numClasses="0" visitedMethods="1" numMethods="1" />
              <MetadataToken />
              <Name>System.Void Envoice.MongoRepository.MongoRepository`2::Delete(System.Collections.Generic.IEnumerable`1&lt;T&gt;,System.Threading.CancellationToken)</Name>
              <FileRef uid="6" />
              <SequencePoints>
                <SequencePoint vc="9" upsid="201" ordinal="0" sl="201" sc="1" el="201" ec="2" bec="0" bev="0" fileid="6" />
                <SequencePoint vc="9" upsid="202" ordinal="1" sl="202" sc="1" el="202" ec="2" bec="0" bev="0" fileid="6" />
                <SequencePoint vc="81" upsid="203" ordinal="2" sl="203" sc="1" el="203" ec="2" bec="0" bev="0" fileid="6" />
                <SequencePoint vc="27" upsid="204" ordinal="3" sl="204" sc="1" el="204" ec="2" bec="0" bev="0" fileid="6" />
                <SequencePoint vc="27" upsid="205" ordinal="4" sl="205" sc="1" el="205" ec="2" bec="0" bev="0" fileid="6" />
                <SequencePoint vc="27" upsid="206" ordinal="5" sl="206" sc="1" el="206" ec="2" bec="0" bev="0" fileid="6" />
                <SequencePoint vc="9" upsid="207" ordinal="6" sl="207" sc="1" el="207" ec="2" bec="0" bev="0" fileid="6" />
                <SequencePoint vc="9" upsid="208" ordinal="7" sl="208" sc="1" el="208" ec="2" bec="0" bev="0" fileid="6" />
                <SequencePoint vc="9" upsid="209" ordinal="8" sl="209" sc="1" el="209" ec="2" bec="0" bev="0" fileid="6" />
              </SequencePoints>
              <BranchPoints>
                <BranchPoint vc="27" upsid="203" ordinal="1" path="1" offset="67" offsetend="17" sl="203" fileid="6" />
                <BranchPoint vc="9" upsid="203" ordinal="0" path="0" offset="67" offsetend="69" sl="203" fileid="6" />
              </BranchPoints>
              <MethodPoint vc="9" upsid="0" p8:type="SequencePoint" ordinal="10" offset="10" sc="0" sl="201" ec="1" el="209" bec="0" bev="0" fileid="6" xmlns:p8="xsi" />
            </Method>
            <Method cyclomaticComplexity="0" nPathComplexity="0" sequenceCoverage="1" branchCoverage="0" isConstructor="False" isGetter="False" isSetter="False" isStatic="True">
              <Summary numSequencePoints="3" visitedSequencePoints="3" numBranchPoints="0" visitedBranchPoints="0" sequenceCoverage="1" branchCoverage="0" maxCyclomaticComplexity="0" minCyclomaticComplexity="0" visitedClasses="0" numClasses="0" visitedMethods="1" numMethods="1" />
              <MetadataToken />
              <Name>System.Void Envoice.MongoRepository.MongoRepository`2::DeleteAll(System.Threading.CancellationToken)</Name>
              <FileRef uid="6" />
              <SequencePoints>
                <SequencePoint vc="49" upsid="262" ordinal="0" sl="262" sc="1" el="262" ec="2" bec="0" bev="0" fileid="6" />
                <SequencePoint vc="49" upsid="263" ordinal="1" sl="263" sc="1" el="263" ec="2" bec="0" bev="0" fileid="6" />
                <SequencePoint vc="49" upsid="264" ordinal="2" sl="264" sc="1" el="264" ec="2" bec="0" bev="0" fileid="6" />
              </SequencePoints>
              <BranchPoints />
              <MethodPoint vc="3" upsid="0" p8:type="SequencePoint" ordinal="11" offset="11" sc="0" sl="262" ec="1" el="264" bec="0" bev="0" fileid="6" xmlns:p8="xsi" />
            </Method>
            <Method cyclomaticComplexity="0" nPathComplexity="0" sequenceCoverage="1" branchCoverage="0" isConstructor="False" isGetter="False" isSetter="False" isStatic="True">
              <Summary numSequencePoints="4" visitedSequencePoints="4" numBranchPoints="0" visitedBranchPoints="0" sequenceCoverage="1" branchCoverage="0" maxCyclomaticComplexity="0" minCyclomaticComplexity="0" visitedClasses="0" numClasses="0" visitedMethods="1" numMethods="1" />
              <MetadataToken />
              <Name>System.Boolean Envoice.MongoRepository.MongoRepository`2::Exists(System.Linq.Expressions.Expression`1&lt;System.Func`2&lt;T,System.Boolean&gt;&gt;)</Name>
              <FileRef uid="6" />
              <SequencePoints>
                <SequencePoint vc="2" upsid="281" ordinal="0" sl="281" sc="1" el="281" ec="2" bec="0" bev="0" fileid="6" />
                <SequencePoint vc="2" upsid="282" ordinal="1" sl="282" sc="1" el="282" ec="2" bec="0" bev="0" fileid="6" />
                <SequencePoint vc="2" upsid="283" ordinal="2" sl="283" sc="1" el="283" ec="2" bec="0" bev="0" fileid="6" />
                <SequencePoint vc="2" upsid="284" ordinal="3" sl="284" sc="1" el="284" ec="2" bec="0" bev="0" fileid="6" />
              </SequencePoints>
              <BranchPoints />
              <MethodPoint vc="4" upsid="0" p8:type="SequencePoint" ordinal="12" offset="12" sc="0" sl="281" ec="1" el="284" bec="0" bev="0" fileid="6" xmlns:p8="xsi" />
            </Method>
            <Method cyclomaticComplexity="0" nPathComplexity="0" sequenceCoverage="1" branchCoverage="0" isConstructor="False" isGetter="False" isSetter="False" isStatic="True">
              <Summary numSequencePoints="3" visitedSequencePoints="3" numBranchPoints="0" visitedBranchPoints="0" sequenceCoverage="1" branchCoverage="0" maxCyclomaticComplexity="0" minCyclomaticComplexity="0" visitedClasses="0" numClasses="0" visitedMethods="1" numMethods="1" />
              <MetadataToken />
              <Name>T Envoice.MongoRepository.MongoRepository`2::GetById(TKey,MongoDB.Driver.FindOptions`1&lt;T&gt;,System.Threading.CancellationToken)</Name>
              <FileRef uid="6" />
              <SequencePoints>
                <SequencePoint vc="20" upsid="305" ordinal="0" sl="305" sc="1" el="305" ec="2" bec="0" bev="0" fileid="6" />
                <SequencePoint vc="20" upsid="306" ordinal="1" sl="306" sc="1" el="306" ec="2" bec="0" bev="0" fileid="6" />
                <SequencePoint vc="20" upsid="307" ordinal="2" sl="307" sc="1" el="307" ec="2" bec="0" bev="0" fileid="6" />
              </SequencePoints>
              <BranchPoints />
              <MethodPoint vc="3" upsid="0" p8:type="SequencePoint" ordinal="13" offset="13" sc="0" sl="305" ec="1" el="307" bec="0" bev="0" fileid="6" xmlns:p8="xsi" />
            </Method>
            <Method cyclomaticComplexity="0" nPathComplexity="0" sequenceCoverage="0.833" branchCoverage="0.5" isConstructor="False" isGetter="False" isSetter="False" isStatic="True">
              <Summary numSequencePoints="6" visitedSequencePoints="5" numBranchPoints="2" visitedBranchPoints="1" sequenceCoverage="0.833" branchCoverage="0.5" maxCyclomaticComplexity="0" minCyclomaticComplexity="0" visitedClasses="0" numClasses="0" visitedMethods="1" numMethods="1" />
              <MetadataToken />
              <Name>T Envoice.MongoRepository.MongoRepository`2::Update(T,System.Threading.CancellationToken)</Name>
              <FileRef uid="6" />
              <SequencePoints>
                <SequencePoint vc="9" upsid="328" ordinal="0" sl="328" sc="1" el="328" ec="2" bec="0" bev="0" fileid="6" />
                <SequencePoint vc="9" upsid="329" ordinal="1" sl="329" sc="1" el="329" ec="2" bec="0" bev="0" fileid="6" />
                <SequencePoint vc="0" upsid="330" ordinal="2" sl="330" sc="1" el="330" ec="2" bec="0" bev="0" fileid="6" />
                <SequencePoint vc="9" upsid="332" ordinal="3" sl="332" sc="1" el="332" ec="2" bec="0" bev="0" fileid="6" />
                <SequencePoint vc="9" upsid="333" ordinal="4" sl="333" sc="1" el="333" ec="2" bec="0" bev="0" fileid="6" />
                <SequencePoint vc="9" upsid="334" ordinal="5" sl="334" sc="1" el="334" ec="2" bec="0" bev="0" fileid="6" />
              </SequencePoints>
              <BranchPoints>
                <BranchPoint vc="0" upsid="329" ordinal="0" path="0" offset="24" offsetend="26" sl="329" fileid="6" />
                <BranchPoint vc="9" upsid="329" ordinal="1" path="1" offset="24" offsetend="38" sl="329" fileid="6" />
              </BranchPoints>
              <MethodPoint vc="5" upsid="0" p8:type="SequencePoint" ordinal="14" offset="14" sc="0" sl="328" ec="1" el="334" bec="0" bev="0" fileid="6" xmlns:p8="xsi" />
            </Method>
            <Method cyclomaticComplexity="0" nPathComplexity="0" sequenceCoverage="1" branchCoverage="1" isConstructor="False" isGetter="False" isSetter="False" isStatic="True">
              <Summary numSequencePoints="4" visitedSequencePoints="4" numBranchPoints="2" visitedBranchPoints="2" sequenceCoverage="1" branchCoverage="1" maxCyclomaticComplexity="0" minCyclomaticComplexity="0" visitedClasses="0" numClasses="0" visitedMethods="1" numMethods="1" />
              <MetadataToken />
              <Name>System.Void Envoice.MongoRepository.MongoRepository`2::Update(System.Collections.Generic.IEnumerable`1&lt;T&gt;,System.Threading.CancellationToken)</Name>
              <FileRef uid="6" />
              <SequencePoints>
                <SequencePoint vc="2" upsid="357" ordinal="0" sl="357" sc="1" el="357" ec="2" bec="0" bev="0" fileid="6" />
                <SequencePoint vc="26" upsid="358" ordinal="1" sl="358" sc="1" el="358" ec="2" bec="0" bev="0" fileid="6" />
                <SequencePoint vc="10" upsid="359" ordinal="2" sl="359" sc="1" el="359" ec="2" bec="0" bev="0" fileid="6" />
                <SequencePoint vc="2" upsid="360" ordinal="3" sl="360" sc="1" el="360" ec="2" bec="0" bev="0" fileid="6" />
              </SequencePoints>
              <BranchPoints>
                <BranchPoint vc="10" upsid="358" ordinal="1" path="1" offset="69" offsetend="11" sl="358" fileid="6" />
                <BranchPoint vc="2" upsid="358" ordinal="0" path="0" offset="69" offsetend="71" sl="358" fileid="6" />
              </BranchPoints>
              <MethodPoint vc="4" upsid="0" p8:type="SequencePoint" ordinal="15" offset="15" sc="0" sl="357" ec="1" el="360" bec="0" bev="0" fileid="6" xmlns:p8="xsi" />
            </Method>
            <Method cyclomaticComplexity="0" nPathComplexity="0" sequenceCoverage="1" branchCoverage="0" isConstructor="False" isGetter="False" isSetter="False" isStatic="True">
              <Summary numSequencePoints="4" visitedSequencePoints="4" numBranchPoints="0" visitedBranchPoints="0" sequenceCoverage="1" branchCoverage="0" maxCyclomaticComplexity="0" minCyclomaticComplexity="0" visitedClasses="0" numClasses="0" visitedMethods="1" numMethods="1" />
              <MetadataToken />
              <Name>System.Collections.Generic.IEnumerator`1&lt;T&gt; Envoice.MongoRepository.MongoRepository`2::GetEnumerator()</Name>
              <FileRef uid="6" />
              <SequencePoints>
                <SequencePoint vc="1" upsid="380" ordinal="0" sl="380" sc="1" el="380" ec="2" bec="0" bev="0" fileid="6" />
                <SequencePoint vc="1" upsid="381" ordinal="1" sl="381" sc="1" el="381" ec="2" bec="0" bev="0" fileid="6" />
                <SequencePoint vc="1" upsid="384" ordinal="2" sl="384" sc="1" el="384" ec="2" bec="0" bev="0" fileid="6" />
                <SequencePoint vc="1" upsid="385" ordinal="3" sl="385" sc="1" el="385" ec="2" bec="0" bev="0" fileid="6" />
              </SequencePoints>
              <BranchPoints />
              <MethodPoint vc="4" upsid="0" p8:type="SequencePoint" ordinal="16" offset="16" sc="0" sl="380" ec="1" el="385" bec="0" bev="0" fileid="6" xmlns:p8="xsi" />
            </Method>
            <Method cyclomaticComplexity="0" nPathComplexity="0" sequenceCoverage="0" branchCoverage="0" isConstructor="False" isGetter="False" isSetter="False" isStatic="True">
              <Summary numSequencePoints="3" visitedSequencePoints="0" numBranchPoints="0" visitedBranchPoints="0" sequenceCoverage="0" branchCoverage="0" maxCyclomaticComplexity="0" minCyclomaticComplexity="0" visitedClasses="0" numClasses="0" visitedMethods="0" numMethods="1" />
              <MetadataToken />
              <Name>System.Collections.IEnumerator Envoice.MongoRepository.MongoRepository`2::System.Collections.IEnumerable.GetEnumerator()</Name>
              <FileRef uid="6" />
              <SequencePoints>
                <SequencePoint vc="0" upsid="392" ordinal="0" sl="392" sc="1" el="392" ec="2" bec="0" bev="0" fileid="6" />
                <SequencePoint vc="0" upsid="393" ordinal="1" sl="393" sc="1" el="393" ec="2" bec="0" bev="0" fileid="6" />
                <SequencePoint vc="0" upsid="394" ordinal="2" sl="394" sc="1" el="394" ec="2" bec="0" bev="0" fileid="6" />
              </SequencePoints>
              <BranchPoints />
              <MethodPoint vc="0" upsid="0" p8:type="SequencePoint" ordinal="17" offset="17" sc="0" sl="392" ec="1" el="394" bec="0" bev="0" fileid="6" xmlns:p8="xsi" />
            </Method>
            <Method cyclomaticComplexity="0" nPathComplexity="0" sequenceCoverage="0" branchCoverage="0" isConstructor="False" isGetter="True" isSetter="False" isStatic="True">
              <Summary numSequencePoints="1" visitedSequencePoints="0" numBranchPoints="0" visitedBranchPoints="0" sequenceCoverage="0" branchCoverage="0" maxCyclomaticComplexity="0" minCyclomaticComplexity="0" visitedClasses="0" numClasses="0" visitedMethods="0" numMethods="1" />
              <MetadataToken />
              <Name>System.Type Envoice.MongoRepository.MongoRepository`2::get_ElementType()</Name>
              <FileRef uid="6" />
              <SequencePoints>
                <SequencePoint vc="0" upsid="401" ordinal="0" sl="401" sc="1" el="401" ec="2" bec="0" bev="0" fileid="6" />
              </SequencePoints>
              <BranchPoints />
              <MethodPoint vc="0" upsid="0" p8:type="SequencePoint" ordinal="18" offset="18" sc="0" sl="401" ec="1" el="401" bec="0" bev="0" fileid="6" xmlns:p8="xsi" />
            </Method>
            <Method cyclomaticComplexity="0" nPathComplexity="0" sequenceCoverage="1" branchCoverage="0" isConstructor="False" isGetter="True" isSetter="False" isStatic="True">
              <Summary numSequencePoints="1" visitedSequencePoints="1" numBranchPoints="0" visitedBranchPoints="0" sequenceCoverage="1" branchCoverage="0" maxCyclomaticComplexity="0" minCyclomaticComplexity="0" visitedClasses="0" numClasses="0" visitedMethods="1" numMethods="1" />
              <MetadataToken />
              <Name>System.Linq.Expressions.Expression Envoice.MongoRepository.MongoRepository`2::get_Expression()</Name>
              <FileRef uid="6" />
              <SequencePoints>
                <SequencePoint vc="18" upsid="409" ordinal="0" sl="409" sc="1" el="409" ec="2" bec="0" bev="0" fileid="6" />
              </SequencePoints>
              <BranchPoints />
              <MethodPoint vc="1" upsid="0" p8:type="SequencePoint" ordinal="19" offset="19" sc="0" sl="409" ec="1" el="409" bec="0" bev="0" fileid="6" xmlns:p8="xsi" />
            </Method>
            <Method cyclomaticComplexity="0" nPathComplexity="0" sequenceCoverage="1" branchCoverage="0" isConstructor="False" isGetter="True" isSetter="False" isStatic="True">
              <Summary numSequencePoints="1" visitedSequencePoints="1" numBranchPoints="0" visitedBranchPoints="0" sequenceCoverage="1" branchCoverage="0" maxCyclomaticComplexity="0" minCyclomaticComplexity="0" visitedClasses="0" numClasses="0" visitedMethods="1" numMethods="1" />
              <MetadataToken />
              <Name>System.Linq.IQueryProvider Envoice.MongoRepository.MongoRepository`2::get_Provider()</Name>
              <FileRef uid="6" />
              <SequencePoints>
                <SequencePoint vc="18" upsid="417" ordinal="0" sl="417" sc="1" el="417" ec="2" bec="0" bev="0" fileid="6" />
              </SequencePoints>
              <BranchPoints />
              <MethodPoint vc="1" upsid="0" p8:type="SequencePoint" ordinal="20" offset="20" sc="0" sl="417" ec="1" el="417" bec="0" bev="0" fileid="6" xmlns:p8="xsi" />
            </Method>
            <Method cyclomaticComplexity="0" nPathComplexity="0" sequenceCoverage="1" branchCoverage="0" isConstructor="False" isGetter="False" isSetter="False" isStatic="True">
              <Summary numSequencePoints="3" visitedSequencePoints="3" numBranchPoints="0" visitedBranchPoints="0" sequenceCoverage="1" branchCoverage="0" maxCyclomaticComplexity="0" minCyclomaticComplexity="0" visitedClasses="0" numClasses="0" visitedMethods="1" numMethods="1" />
              <MetadataToken />
              <Name>MongoDB.Driver.FilterDefinition`1&lt;T&gt; Envoice.MongoRepository.MongoRepository`2::GetIDFilter(MongoDB.Bson.ObjectId)</Name>
              <FileRef uid="6" />
              <SequencePoints>
                <SequencePoint vc="54" upsid="425" ordinal="0" sl="425" sc="1" el="425" ec="2" bec="0" bev="0" fileid="6" />
                <SequencePoint vc="54" upsid="426" ordinal="1" sl="426" sc="1" el="426" ec="2" bec="0" bev="0" fileid="6" />
                <SequencePoint vc="54" upsid="427" ordinal="2" sl="427" sc="1" el="427" ec="2" bec="0" bev="0" fileid="6" />
[...]
              <Summary numSequencePoints="8" visitedSequencePoints="0" numBranchPoints="2" visitedBranchPoints="0" sequenceCoverage="0" branchCoverage="0" maxCyclomaticComplexity="0" minCyclomaticComplexity="0" visitedClasses="0" numClasses="0" visitedMethods="0" numMethods="1" />
              <MetadataToken />
              <Name>System.String Envoice.MongoRepository.ValidateCollectionResult/ExtentDetails::get_XPrev()</Name>
              <FileRef uid="9" />
              <SequencePoints>
                <SequencePoint vc="0" upsid="504" ordinal="0" sl="504" sc="1" el="504" ec="2" bec="0" bev="0" fileid="9" />
                <SequencePoint vc="0" upsid="505" ordinal="1" sl="505" sc="1" el="505" ec="2" bec="0" bev="0" fileid="9" />
                <SequencePoint vc="0" upsid="506" ordinal="2" sl="506" sc="1" el="506" ec="2" bec="0" bev="0" fileid="9" />
                <SequencePoint vc="0" upsid="507" ordinal="3" sl="507" sc="1" el="507" ec="2" bec="0" bev="0" fileid="9" />
                <SequencePoint vc="0" upsid="508" ordinal="4" sl="508" sc="1" el="508" ec="2" bec="0" bev="0" fileid="9" />
                <SequencePoint vc="0" upsid="511" ordinal="5" sl="511" sc="1" el="511" ec="2" bec="0" bev="0" fileid="9" />
                <SequencePoint vc="0" upsid="512" ordinal="6" sl="512" sc="1" el="512" ec="2" bec="0" bev="0" fileid="9" />
                <SequencePoint vc="0" upsid="514" ordinal="7" sl="514" sc="1" el="514" ec="2" bec="0" bev="0" fileid="9" />
              </SequencePoints>
              <BranchPoints>
                <BranchPoint vc="0" upsid="505" ordinal="0" path="0" offset="15" offsetend="17" sl="505" fileid="9" />
                <BranchPoint vc="0" upsid="505" ordinal="1" path="1" offset="15" offsetend="59" sl="505" fileid="9" />
              </BranchPoints>
              <MethodPoint vc="0" upsid="0" p8:type="SequencePoint" ordinal="6" offset="6" sc="0" sl="504" ec="1" el="514" bec="0" bev="0" fileid="9" xmlns:p8="xsi" />
            </Method>
            <Method cyclomaticComplexity="0" nPathComplexity="0" sequenceCoverage="0" branchCoverage="0" isConstructor="True" isGetter="False" isSetter="False" isStatic="True">
              <Summary numSequencePoints="5" visitedSequencePoints="0" numBranchPoints="0" visitedBranchPoints="0" sequenceCoverage="0" branchCoverage="0" maxCyclomaticComplexity="0" minCyclomaticComplexity="0" visitedClasses="0" numClasses="0" visitedMethods="0" numMethods="1" />
              <MetadataToken />
              <Name>System.Void Envoice.MongoRepository.ValidateCollectionResult/ExtentDetails::.ctor(MongoDB.Bson.BsonDocument,System.String)</Name>
              <FileRef uid="9" />
              <SequencePoints>
                <SequencePoint vc="0" upsid="378" ordinal="0" sl="378" sc="1" el="378" ec="2" bec="0" bev="0" fileid="9" />
                <SequencePoint vc="0" upsid="379" ordinal="1" sl="379" sc="1" el="379" ec="2" bec="0" bev="0" fileid="9" />
                <SequencePoint vc="0" upsid="380" ordinal="2" sl="380" sc="1" el="380" ec="2" bec="0" bev="0" fileid="9" />
                <SequencePoint vc="0" upsid="381" ordinal="3" sl="381" sc="1" el="381" ec="2" bec="0" bev="0" fileid="9" />
                <SequencePoint vc="0" upsid="382" ordinal="4" sl="382" sc="1" el="382" ec="2" bec="0" bev="0" fileid="9" />
              </SequencePoints>
              <BranchPoints />
              <MethodPoint vc="0" upsid="0" p8:type="SequencePoint" ordinal="7" offset="7" sc="0" sl="378" ec="1" el="382" bec="0" bev="0" fileid="9" xmlns:p8="xsi" />
            </Method>
          </Methods>
        </Class>
        <Class>
          <Summary numSequencePoints="47" visitedSequencePoints="4" numBranchPoints="6" visitedBranchPoints="0" sequenceCoverage="0.085" branchCoverage="0" maxCyclomaticComplexity="0" minCyclomaticComplexity="0" visitedClasses="1" numClasses="1" visitedMethods="1" numMethods="10" />
          <FullName>Envoice.MongoRepository.Helpers.ConversionUtil</FullName>
          <Methods>
            <Method cyclomaticComplexity="0" nPathComplexity="0" sequenceCoverage="1" branchCoverage="0" isConstructor="False" isGetter="False" isSetter="False" isStatic="True">
              <Summary numSequencePoints="4" visitedSequencePoints="4" numBranchPoints="0" visitedBranchPoints="0" sequenceCoverage="1" branchCoverage="0" maxCyclomaticComplexity="0" minCyclomaticComplexity="0" visitedClasses="0" numClasses="0" visitedMethods="1" numMethods="1" />
              <MetadataToken />
              <Name>System.Boolean Envoice.MongoRepository.Helpers.ConversionUtil::Bool(System.Object)</Name>
              <FileRef uid="10" />
              <SequencePoints>
                <SequencePoint vc="164" upsid="17" ordinal="0" sl="17" sc="1" el="17" ec="2" bec="0" bev="0" fileid="10" />
                <SequencePoint vc="164" upsid="19" ordinal="1" sl="19" sc="1" el="19" ec="2" bec="0" bev="0" fileid="10" />
                <SequencePoint vc="164" upsid="20" ordinal="2" sl="20" sc="1" el="20" ec="2" bec="0" bev="0" fileid="10" />
                <SequencePoint vc="164" upsid="21" ordinal="3" sl="21" sc="1" el="21" ec="2" bec="0" bev="0" fileid="10" />
              </SequencePoints>
              <BranchPoints />
              <MethodPoint vc="4" upsid="0" p8:type="SequencePoint" ordinal="0" offset="0" sc="0" sl="17" ec="1" el="21" bec="0" bev="0" fileid="10" xmlns:p8="xsi" />
            </Method>
            <Method cyclomaticComplexity="0" nPathComplexity="0" sequenceCoverage="0" branchCoverage="0" isConstructor="False" isGetter="False" isSetter="False" isStatic="True">
              <Summary numSequencePoints="3" visitedSequencePoints="0" numBranchPoints="0" visitedBranchPoints="0" sequenceCoverage="0" branchCoverage="0" maxCyclomaticComplexity="0" minCyclomaticComplexity="0" visitedClasses="0" numClasses="0" visitedMethods="0" numMethods="1" />
              <MetadataToken />
              <Name>T Envoice.MongoRepository.Helpers.ConversionUtil::ChangeType(System.Object)</Name>
              <FileRef uid="10" />
              <SequencePoints>
                <SequencePoint vc="0" upsid="29" ordinal="0" sl="29" sc="1" el="29" ec="2" bec="0" bev="0" fileid="10" />
                <SequencePoint vc="0" upsid="30" ordinal="1" sl="30" sc="1" el="30" ec="2" bec="0" bev="0" fileid="10" />
                <SequencePoint vc="0" upsid="31" ordinal="2" sl="31" sc="1" el="31" ec="2" bec="0" bev="0" fileid="10" />
              </SequencePoints>
              <BranchPoints />
              <MethodPoint vc="0" upsid="0" p8:type="SequencePoint" ordinal="1" offset="1" sc="0" sl="29" ec="1" el="31" bec="0" bev="0" fileid="10" xmlns:p8="xsi" />
            </Method>
            <Method cyclomaticComplexity="0" nPathComplexity="0" sequenceCoverage="0" branchCoverage="0" isConstructor="False" isGetter="False" isSetter="False" isStatic="True">
              <Summary numSequencePoints="4" visitedSequencePoints="0" numBranchPoints="0" visitedBranchPoints="0" sequenceCoverage="0" branchCoverage="0" maxCyclomaticComplexity="0" minCyclomaticComplexity="0" visitedClasses="0" numClasses="0" visitedMethods="0" numMethods="1" />
              <MetadataToken />
              <Name>System.Object Envoice.MongoRepository.Helpers.ConversionUtil::ChangeType(System.Type,System.Object)</Name>
              <FileRef uid="10" />
              <SequencePoints>
                <SequencePoint vc="0" upsid="39" ordinal="0" sl="39" sc="1" el="39" ec="2" bec="0" bev="0" fileid="10" />
                <SequencePoint vc="0" upsid="40" ordinal="1" sl="40" sc="1" el="40" ec="2" bec="0" bev="0" fileid="10" />
                <SequencePoint vc="0" upsid="41" ordinal="2" sl="41" sc="1" el="41" ec="2" bec="0" bev="0" fileid="10" />
                <SequencePoint vc="0" upsid="42" ordinal="3" sl="42" sc="1" el="42" ec="2" bec="0" bev="0" fileid="10" />
              </SequencePoints>
              <BranchPoints />
              <MethodPoint vc="0" upsid="0" p8:type="SequencePoint" ordinal="2" offset="2" sc="0" sl="39" ec="1" el="42" bec="0" bev="0" fileid="10" xmlns:p8="xsi" />
            </Method>
            <Method cyclomaticComplexity="0" nPathComplexity="0" sequenceCoverage="0" branchCoverage="0" isConstructor="False" isGetter="False" isSetter="False" isStatic="True">
              <Summary numSequencePoints="4" visitedSequencePoints="0" numBranchPoints="0" visitedBranchPoints="0" sequenceCoverage="0" branchCoverage="0" maxCyclomaticComplexity="0" minCyclomaticComplexity="0" visitedClasses="0" numClasses="0" visitedMethods="0" numMethods="1" />
              <MetadataToken />
              <Name>System.Double Envoice.MongoRepository.Helpers.ConversionUtil::Double(System.Object)</Name>
              <FileRef uid="10" />
              <SequencePoints>
                <SequencePoint vc="0" upsid="51" ordinal="0" sl="51" sc="1" el="51" ec="2" bec="0" bev="0" fileid="10" />
                <SequencePoint vc="0" upsid="53" ordinal="1" sl="53" sc="1" el="53" ec="2" bec="0" bev="0" fileid="10" />
                <SequencePoint vc="0" upsid="54" ordinal="2" sl="54" sc="1" el="54" ec="2" bec="0" bev="0" fileid="10" />
                <SequencePoint vc="0" upsid="55" ordinal="3" sl="55" sc="1" el="55" ec="2" bec="0" bev="0" fileid="10" />
              </SequencePoints>
              <BranchPoints />
              <MethodPoint vc="0" upsid="0" p8:type="SequencePoint" ordinal="3" offset="3" sc="0" sl="51" ec="1" el="55" bec="0" bev="0" fileid="10" xmlns:p8="xsi" />
            </Method>
            <Method cyclomaticComplexity="0" nPathComplexity="0" sequenceCoverage="0" branchCoverage="0" isConstructor="False" isGetter="False" isSetter="False" isStatic="True">
              <Summary numSequencePoints="10" visitedSequencePoints="0" numBranchPoints="2" visitedBranchPoints="0" sequenceCoverage="0" branchCoverage="0" maxCyclomaticComplexity="0" minCyclomaticComplexity="0" visitedClasses="0" numClasses="0" visitedMethods="0" numMethods="1" />
              <MetadataToken />
              <Name>T Envoice.MongoRepository.Helpers.ConversionUtil::Enum(System.Object)</Name>
              <FileRef uid="10" />
              <SequencePoints>
                <SequencePoint vc="0" upsid="64" ordinal="0" sl="64" sc="1" el="64" ec="2" bec="0" bev="0" fileid="10" />
                <SequencePoint vc="0" upsid="65" ordinal="1" sl="65" sc="1" el="65" ec="2" bec="0" bev="0" fileid="10" />
                <SequencePoint vc="0" upsid="66" ordinal="2" sl="66" sc="1" el="66" ec="2" bec="0" bev="0" fileid="10" />
                <SequencePoint vc="0" upsid="67" ordinal="3" sl="67" sc="1" el="67" ec="2" bec="0" bev="0" fileid="10" />
                <SequencePoint vc="0" upsid="70" ordinal="4" sl="70" sc="1" el="70" ec="2" bec="0" bev="0" fileid="10" />
                <SequencePoint vc="0" upsid="71" ordinal="5" sl="71" sc="1" el="71" ec="2" bec="0" bev="0" fileid="10" />
                <SequencePoint vc="0" upsid="73" ordinal="6" sl="73" sc="1" el="73" ec="2" bec="0" bev="0" fileid="10" />
                <SequencePoint vc="0" upsid="74" ordinal="7" sl="74" sc="1" el="74" ec="2" bec="0" bev="0" fileid="10" />
                <SequencePoint vc="0" upsid="75" ordinal="8" sl="75" sc="1" el="75" ec="2" bec="0" bev="0" fileid="10" />
                <SequencePoint vc="0" upsid="77" ordinal="9" sl="77" sc="1" el="77" ec="2" bec="0" bev="0" fileid="10" />
              </SequencePoints>
              <BranchPoints>
                <BranchPoint vc="0" upsid="65" ordinal="0" path="0" offset="21" offsetend="23" sl="65" fileid="10" />
                <BranchPoint vc="0" upsid="65" ordinal="1" path="1" offset="21" offsetend="35" sl="65" fileid="10" />
              </BranchPoints>
              <MethodPoint vc="0" upsid="0" p8:type="SequencePoint" ordinal="4" offset="4" sc="0" sl="64" ec="1" el="77" bec="0" bev="0" fileid="10" xmlns:p8="xsi" />
            </Method>
            <Method cyclomaticComplexity="0" nPathComplexity="0" sequenceCoverage="0" branchCoverage="0" isConstructor="False" isGetter="False" isSetter="False" isStatic="True">
              <Summary numSequencePoints="4" visitedSequencePoints="0" numBranchPoints="0" visitedBranchPoints="0" sequenceCoverage="0" branchCoverage="0" maxCyclomaticComplexity="0" minCyclomaticComplexity="0" visitedClasses="0" numClasses="0" visitedMethods="0" numMethods="1" />
              <MetadataToken />
              <Name>System.Guid Envoice.MongoRepository.Helpers.ConversionUtil::Guid(System.Object)</Name>
              <FileRef uid="10" />
              <SequencePoints>
                <SequencePoint vc="0" upsid="86" ordinal="0" sl="86" sc="1" el="86" ec="2" bec="0" bev="0" fileid="10" />
                <SequencePoint vc="0" upsid="88" ordinal="1" sl="88" sc="1" el="88" ec="2" bec="0" bev="0" fileid="10" />
                <SequencePoint vc="0" upsid="89" ordinal="2" sl="89" sc="1" el="89" ec="2" bec="0" bev="0" fileid="10" />
                <SequencePoint vc="0" upsid="90" ordinal="3" sl="90" sc="1" el="90" ec="2" bec="0" bev="0" fileid="10" />
              </SequencePoints>
              <BranchPoints />
              <MethodPoint vc="0" upsid="0" p8:type="SequencePoint" ordinal="5" offset="5" sc="0" sl="86" ec="1" el="90" bec="0" bev="0" fileid="10" xmlns:p8="xsi" />
            </Method>
            <Method cyclomaticComplexity="0" nPathComplexity="0" sequenceCoverage="0" branchCoverage="0" isConstructor="False" isGetter="False" isSetter="False" isStatic="True">
              <Summary numSequencePoints="7" visitedSequencePoints="0" numBranchPoints="2" visitedBranchPoints="0" sequenceCoverage="0" branchCoverage="0" maxCyclomaticComplexity="0" minCyclomaticComplexity="0" visitedClasses="0" numClasses="0" visitedMethods="0" numMethods="1" />
              <MetadataToken />
              <Name>System.Int32 Envoice.MongoRepository.Helpers.ConversionUtil::Int(System.Object)</Name>
              <FileRef uid="10" />
              <SequencePoints>
                <SequencePoint vc="0" upsid="99" ordinal="0" sl="99" sc="1" el="99" ec="2" bec="0" bev="0" fileid="10" />
                <SequencePoint vc="0" upsid="100" ordinal="1" sl="100" sc="1" el="100" ec="2" bec="0" bev="0" fileid="10" />
                <SequencePoint vc="0" upsid="101" ordinal="2" sl="101" sc="1" el="101" ec="2" bec="0" bev="0" fileid="10" />
                <SequencePoint vc="0" upsid="102" ordinal="3" sl="102" sc="1" el="102" ec="2" bec="0" bev="0" fileid="10" />
                <SequencePoint vc="0" upsid="106" ordinal="4" sl="106" sc="1" el="106" ec="2" bec="0" bev="0" fileid="10" />
                <SequencePoint vc="0" upsid="107" ordinal="5" sl="107" sc="1" el="107" ec="2" bec="0" bev="0" fileid="10" />
                <SequencePoint vc="0" upsid="108" ordinal="6" sl="108" sc="1" el="108" ec="2" bec="0" bev="0" fileid="10" />
              </SequencePoints>
              <BranchPoints>
                <BranchPoint vc="0" upsid="100" ordinal="0" path="0" offset="7" offsetend="9" sl="100" fileid="10" />
                <BranchPoint vc="0" upsid="100" ordinal="1" path="1" offset="7" offsetend="14" sl="100" fileid="10" />
              </BranchPoints>
              <MethodPoint vc="0" upsid="0" p8:type="SequencePoint" ordinal="6" offset="6" sc="0" sl="99" ec="1" el="108" bec="0" bev="0" fileid="10" xmlns:p8="xsi" />
            </Method>
            <Method cyclomaticComplexity="0" nPathComplexity="0" sequenceCoverage="0" branchCoverage="0" isConstructor="False" isGetter="False" isSetter="False" isStatic="True">
              <Summary numSequencePoints="4" visitedSequencePoints="0" numBranchPoints="2" visitedBranchPoints="0" sequenceCoverage="0" branchCoverage="0" maxCyclomaticComplexity="0" minCyclomaticComplexity="0" visitedClasses="0" numClasses="0" visitedMethods="0" numMethods="1" />
              <MetadataToken />
              <Name>System.Int32 Envoice.MongoRepository.Helpers.ConversionUtil::Int(System.Object,System.Int32)</Name>
              <FileRef uid="10" />
              <SequencePoints>
                <SequencePoint vc="0" upsid="118" ordinal="0" sl="118" sc="1" el="118" ec="2" bec="0" bev="0" fileid="10" />
                <SequencePoint vc="0" upsid="119" ordinal="1" sl="119" sc="1" el="119" ec="2" bec="0" bev="0" fileid="10" />
                <SequencePoint vc="0" upsid="120" ordinal="2" sl="120" sc="1" el="120" ec="2" bec="0" bev="0" fileid="10" />
                <SequencePoint vc="0" upsid="121" ordinal="3" sl="121" sc="1" el="121" ec="2" bec="0" bev="0" fileid="10" />
              </SequencePoints>
              <BranchPoints>
                <BranchPoint vc="0" upsid="120" ordinal="0" path="0" offset="9" offsetend="11" sl="120" fileid="10" />
                <BranchPoint vc="0" upsid="120" ordinal="1" path="1" offset="9" offsetend="14" sl="120" fileid="10" />
              </BranchPoints>
              <MethodPoint vc="0" upsid="0" p8:type="SequencePoint" ordinal="7" offset="7" sc="0" sl="118" ec="1" el="121" bec="0" bev="0" fileid="10" xmlns:p8="xsi" />
            </Method>
            <Method cyclomaticComplexity="0" nPathComplexity="0" sequenceCoverage="0" branchCoverage="0" isConstructor="False" isGetter="False" isSetter="False" isStatic="True">
              <Summary numSequencePoints="3" visitedSequencePoints="0" numBranchPoints="0" visitedBranchPoints="0" sequenceCoverage="0" branchCoverage="0" maxCyclomaticComplexity="0" minCyclomaticComplexity="0" visitedClasses="0" numClasses="0" visitedMethods="0" numMethods="1" />
              <MetadataToken />
              <Name>System.Void Envoice.MongoRepository.Helpers.ConversionUtil::RegisterTypeConverter()</Name>
              <FileRef uid="10" />
              <SequencePoints>
                <SequencePoint vc="0" upsid="129" ordinal="0" sl="129" sc="1" el="129" ec="2" bec="0" bev="0" fileid="10" />
                <SequencePoint vc="0" upsid="130" ordinal="1" sl="130" sc="1" el="130" ec="2" bec="0" bev="0" fileid="10" />
                <SequencePoint vc="0" upsid="131" ordinal="2" sl="131" sc="1" el="131" ec="2" bec="0" bev="0" fileid="10" />
              </SequencePoints>
              <BranchPoints />
              <MethodPoint vc="0" upsid="0" p8:type="SequencePoint" ordinal="8" offset="8" sc="0" sl="129" ec="1" el="131" bec="0" bev="0" fileid="10" xmlns:p8="xsi" />
            </Method>
            <Method cyclomaticComplexity="0" nPathComplexity="0" sequenceCoverage="0" branchCoverage="0" isConstructor="False" isGetter="False" isSetter="False" isStatic="True">
              <Summary numSequencePoints="4" visitedSequencePoints="0" numBranchPoints="0" visitedBranchPoints="0" sequenceCoverage="0" branchCoverage="0" maxCyclomaticComplexity="0" minCyclomaticComplexity="0" visitedClasses="0" numClasses="0" visitedMethods="0" numMethods="1" />
              <MetadataToken />
              <Name>System.Int16 Envoice.MongoRepository.Helpers.ConversionUtil::Short(System.Object)</Name>
              <FileRef uid="10" />
              <SequencePoints>
                <SequencePoint vc="0" upsid="140" ordinal="0" sl="140" sc="1" el="140" ec="2" bec="0" bev="0" fileid="10" />
                <SequencePoint vc="0" upsid="142" ordinal="1" sl="142" sc="1" el="142" ec="2" bec="0" bev="0" fileid="10" />
                <SequencePoint vc="0" upsid="143" ordinal="2" sl="143" sc="1" el="143" ec="2" bec="0" bev="0" fileid="10" />
                <SequencePoint vc="0" upsid="144" ordinal="3" sl="144" sc="1" el="144" ec="2" bec="0" bev="0" fileid="10" />
              </SequencePoints>
              <BranchPoints />
              <MethodPoint vc="0" upsid="0" p8:type="SequencePoint" ordinal="9" offset="9" sc="0" sl="140" ec="1" el="144" bec="0" bev="0" fileid="10" xmlns:p8="xsi" />
            </Method>
          </Methods>
        </Class>
      </Classes>
    </Module>
  </Modules>
</CoverageSession>